<?xml version="1.0" encoding="UTF-8"?>
<TestRun id="16773646-8cfa-472a-8093-be18e450acf1" name="bob@BOB-SQUAWK 2012-08-30 03:22:55" runUser="bob-squawk\bob" xmlns="http://microsoft.com/schemas/VisualStudio/TeamTest/2010">
  <TestSettings name="Local" id="53e514f0-4a59-4535-81eb-4649f33ffbf9">
    <Description>These are default test settings for a local test run.</Description>
    <Deployment enabled="false" runDeploymentRoot="bob_BOB-SQUAWK 2012-08-30 03_22_55">
      <DeploymentItem filename="C:\Users\bob\Desktop\cse136_hw3\DomainModel\bin\Debug\DomainModel.dll" />
      <DeploymentItem filename="C:\Users\bob\Desktop\cse136_hw3\cse136\bin\Debug\cse136.dll" />
      <DeploymentItem filename="C:\Users\bob\Desktop\cse136_hw3\BL\bin\Debug\BL.dll" />
    </Deployment>
    <Execution>
      <TestTypeSpecific />
      <AgentRule name="Execution Agents">
      </AgentRule>
    </Execution>
  </TestSettings>
  <Times creation="2012-08-30T03:22:55.0100000-07:00" queuing="2012-08-30T03:22:55.0860000-07:00" start="2012-08-30T03:22:55.1290000-07:00" finish="2012-08-30T03:22:57.9760000-07:00" />
  <ResultSummary outcome="Failed">
    <Counters total="58" executed="58" passed="57" error="0" failed="1" timeout="0" aborted="0" inconclusive="0" passedButRunAborted="0" notRunnable="0" notExecuted="0" disconnected="0" warning="0" completed="0" inProgress="0" pending="0" />
  </ResultSummary>
  <TestDefinitions>
    <UnitTest name="ProductVariationDeleteErrorTest" storage="c:\users\bob\desktop\cse136_hw3\bltest\bin\debug\bltest.dll" id="a7d7b29b-200e-e950-acdb-f74fb0c8329a">
      <Execution id="9c18503e-90fa-4cda-9bdf-56dd08a6f356" />
      <TestMethod codeBase="C:/Users/bob/Desktop/cse136_hw3/BLTest/bin/Debug/BLTest.DLL" adapterTypeName="Microsoft.VisualStudio.TestTools.TestTypes.Unit.UnitTestAdapter, Microsoft.VisualStudio.QualityTools.Tips.UnitTest.Adapter, Version=10.0.0.0, Culture=neutral, PublicKeyToken=b03f5f7f11d50a3a" className="BLTest.BLProductVariationTest, BLTest, Version=1.0.0.0, Culture=neutral, PublicKeyToken=null" name="ProductVariationDeleteErrorTest" />
    </UnitTest>
    <UnitTest name="BrandUpdateErrorTest" storage="c:\users\bob\desktop\cse136_hw3\bltest\bin\debug\bltest.dll" id="e838b5ac-738c-c97e-c3d6-f1fb0daa2370">
      <Execution id="b6ca3fd3-7acc-42d6-ba73-02450e558594" />
      <TestMethod codeBase="C:/Users/bob/Desktop/cse136_hw3/BLTest/bin/Debug/BLTest.DLL" adapterTypeName="Microsoft.VisualStudio.TestTools.TestTypes.Unit.UnitTestAdapter, Microsoft.VisualStudio.QualityTools.Tips.UnitTest.Adapter, Version=10.0.0.0, Culture=neutral, PublicKeyToken=b03f5f7f11d50a3a" className="BLTest.BLBrandTest, BLTest, Version=1.0.0.0, Culture=neutral, PublicKeyToken=null" name="BrandUpdateErrorTest" />
    </UnitTest>
    <UnitTest name="CreateProductTypeNullErrorTest" storage="c:\users\bob\desktop\cse136_hw3\bltest\bin\debug\bltest.dll" id="7c829374-b2b7-a64c-0106-8a1c527f9eee">
      <Execution id="31f46c52-5c7c-4086-8782-090f9767b060" />
      <TestMethod codeBase="C:/Users/bob/Desktop/cse136_hw3/BLTest/bin/Debug/BLTest.DLL" adapterTypeName="Microsoft.VisualStudio.TestTools.TestTypes.Unit.UnitTestAdapter, Microsoft.VisualStudio.QualityTools.Tips.UnitTest.Adapter, Version=10.0.0.0, Culture=neutral, PublicKeyToken=b03f5f7f11d50a3a" className="BLTest.BLProductTypeTest, BLTest, Version=1.0.0.0, Culture=neutral, PublicKeyToken=null" name="CreateProductTypeNullErrorTest" />
    </UnitTest>
    <UnitTest name="CreateUserTest" storage="c:\users\bob\desktop\cse136_hw3\bltest\bin\debug\bltest.dll" id="158d2d91-82ad-445a-f6d1-cade85604603">
      <Execution id="50ab019d-0838-47c3-a706-43324a28d91c" />
      <TestMethod codeBase="C:/Users/bob/Desktop/cse136_hw3/BLTest/bin/Debug/BLTest.DLL" adapterTypeName="Microsoft.VisualStudio.TestTools.TestTypes.Unit.UnitTestAdapter, Microsoft.VisualStudio.QualityTools.Tips.UnitTest.Adapter, Version=10.0.0.0, Culture=neutral, PublicKeyToken=b03f5f7f11d50a3a" className="BLTest.BLUserTest, BLTest, Version=1.0.0.0, Culture=neutral, PublicKeyToken=null" name="CreateUserTest" />
    </UnitTest>
    <UnitTest name="CreateProductCuttingNullErrorTest" storage="c:\users\bob\desktop\cse136_hw3\bltest\bin\debug\bltest.dll" id="bdcd5694-6f47-8e9c-4f0a-b5a3d00cbbdc">
      <Execution id="940eb58a-7f7f-4acd-84aa-258d4d42fae3" />
      <TestMethod codeBase="C:/Users/bob/Desktop/cse136_hw3/BLTest/bin/Debug/BLTest.DLL" adapterTypeName="Microsoft.VisualStudio.TestTools.TestTypes.Unit.UnitTestAdapter, Microsoft.VisualStudio.QualityTools.Tips.UnitTest.Adapter, Version=10.0.0.0, Culture=neutral, PublicKeyToken=b03f5f7f11d50a3a" className="BLTest.BLProductCuttingTest, BLTest, Version=1.0.0.0, Culture=neutral, PublicKeyToken=null" name="CreateProductCuttingNullErrorTest" />
    </UnitTest>
    <UnitTest name="CreateBrandTest" storage="c:\users\bob\desktop\cse136_hw3\bltest\bin\debug\bltest.dll" id="f7826c58-01e2-4c82-f47f-08228e891502">
      <Execution id="41ffb767-1788-40f2-8efa-e527a118185c" />
      <TestMethod codeBase="C:/Users/bob/Desktop/cse136_hw3/BLTest/bin/Debug/BLTest.DLL" adapterTypeName="Microsoft.VisualStudio.TestTools.TestTypes.Unit.UnitTestAdapter, Microsoft.VisualStudio.QualityTools.Tips.UnitTest.Adapter, Version=10.0.0.0, Culture=neutral, PublicKeyToken=b03f5f7f11d50a3a" className="BLTest.BLBrandTest, BLTest, Version=1.0.0.0, Culture=neutral, PublicKeyToken=null" name="CreateBrandTest" />
    </UnitTest>
    <UnitTest name="UpdateOrderTest" storage="c:\users\bob\desktop\cse136_hw3\bltest\bin\debug\bltest.dll" id="73a2a41e-edaf-9b15-53d0-e9a56dfdd209">
      <Execution id="8a9da2e9-fa6f-428e-aed4-c989d2da8549" />
      <TestMethod codeBase="C:/Users/bob/Desktop/cse136_hw3/BLTest/bin/Debug/BLTest.DLL" adapterTypeName="Microsoft.VisualStudio.TestTools.TestTypes.Unit.UnitTestAdapter, Microsoft.VisualStudio.QualityTools.Tips.UnitTest.Adapter, Version=10.0.0.0, Culture=neutral, PublicKeyToken=b03f5f7f11d50a3a" className="BLTest.BLOrdersTest, BLTest, Version=1.0.0.0, Culture=neutral, PublicKeyToken=null" name="UpdateOrderTest" />
    </UnitTest>
    <UnitTest name="UpdateProductTypeTest" storage="c:\users\bob\desktop\cse136_hw3\bltest\bin\debug\bltest.dll" id="749e2125-91f3-366c-3cc9-5d757c5d89fc">
      <Execution id="5d9e04bd-ff45-42aa-9250-66f9d12fecae" />
      <TestMethod codeBase="C:/Users/bob/Desktop/cse136_hw3/BLTest/bin/Debug/BLTest.DLL" adapterTypeName="Microsoft.VisualStudio.TestTools.TestTypes.Unit.UnitTestAdapter, Microsoft.VisualStudio.QualityTools.Tips.UnitTest.Adapter, Version=10.0.0.0, Culture=neutral, PublicKeyToken=b03f5f7f11d50a3a" className="BLTest.BLProductTypeTest, BLTest, Version=1.0.0.0, Culture=neutral, PublicKeyToken=null" name="UpdateProductTypeTest" />
    </UnitTest>
    <UnitTest name="CreatePVTest" storage="c:\users\bob\desktop\cse136_hw3\bltest\bin\debug\bltest.dll" id="32befc5b-2805-679f-e132-a2c900e50a08">
      <Execution id="4a621f08-025f-4768-a015-60b35527695e" />
      <TestMethod codeBase="C:/Users/bob/Desktop/cse136_hw3/BLTest/bin/Debug/BLTest.DLL" adapterTypeName="Microsoft.VisualStudio.TestTools.TestTypes.Unit.UnitTestAdapter, Microsoft.VisualStudio.QualityTools.Tips.UnitTest.Adapter, Version=10.0.0.0, Culture=neutral, PublicKeyToken=b03f5f7f11d50a3a" className="BLTest.BLProductVariationTest, BLTest, Version=1.0.0.0, Culture=neutral, PublicKeyToken=null" name="CreatePVTest" />
    </UnitTest>
    <UnitTest name="CreateProductTypeErrorTest" storage="c:\users\bob\desktop\cse136_hw3\bltest\bin\debug\bltest.dll" id="bfb23467-9ed6-2af2-a378-dc1e9bbf5b26">
      <Execution id="821522c6-fb6e-4235-a6d5-cbedc2d83de2" />
      <TestMethod codeBase="C:/Users/bob/Desktop/cse136_hw3/BLTest/bin/Debug/BLTest.DLL" adapterTypeName="Microsoft.VisualStudio.TestTools.TestTypes.Unit.UnitTestAdapter, Microsoft.VisualStudio.QualityTools.Tips.UnitTest.Adapter, Version=10.0.0.0, Culture=neutral, PublicKeyToken=b03f5f7f11d50a3a" className="BLTest.BLProductTypeTest, BLTest, Version=1.0.0.0, Culture=neutral, PublicKeyToken=null" name="CreateProductTypeErrorTest" />
    </UnitTest>
    <UnitTest name="ProductUpdateErrorTest" storage="c:\users\bob\desktop\cse136_hw3\bltest\bin\debug\bltest.dll" id="c6b026e9-3960-4229-9874-a43b265d5ac5">
      <Execution id="05b50477-2218-4b74-a20d-9d04955b6341" />
      <TestMethod codeBase="C:/Users/bob/Desktop/cse136_hw3/BLTest/bin/Debug/BLTest.DLL" adapterTypeName="Microsoft.VisualStudio.TestTools.TestTypes.Unit.UnitTestAdapter, Microsoft.VisualStudio.QualityTools.Tips.UnitTest.Adapter, Version=10.0.0.0, Culture=neutral, PublicKeyToken=b03f5f7f11d50a3a" className="BLTest.BLProductTest, BLTest, Version=1.0.0.0, Culture=neutral, PublicKeyToken=null" name="ProductUpdateErrorTest" />
    </UnitTest>
    <UnitTest name="ProductCuttingUpdateErrorTest" storage="c:\users\bob\desktop\cse136_hw3\bltest\bin\debug\bltest.dll" id="2de277d9-37a5-c97d-c930-1d6c85ec007a">
      <Execution id="db09e187-0af5-458f-85ce-84ab096bc935" />
      <TestMethod codeBase="C:/Users/bob/Desktop/cse136_hw3/BLTest/bin/Debug/BLTest.DLL" adapterTypeName="Microsoft.VisualStudio.TestTools.TestTypes.Unit.UnitTestAdapter, Microsoft.VisualStudio.QualityTools.Tips.UnitTest.Adapter, Version=10.0.0.0, Culture=neutral, PublicKeyToken=b03f5f7f11d50a3a" className="BLTest.BLProductCuttingTest, BLTest, Version=1.0.0.0, Culture=neutral, PublicKeyToken=null" name="ProductCuttingUpdateErrorTest" />
    </UnitTest>
    <UnitTest name="UpdateProductVariationInfoTest" storage="c:\users\bob\desktop\cse136_hw3\bltest\bin\debug\bltest.dll" id="17a47e80-72b2-0437-6c34-884341a72cbe">
      <Execution id="311a8457-0e42-4f53-b593-643641175d70" />
      <TestMethod codeBase="C:/Users/bob/Desktop/cse136_hw3/BLTest/bin/Debug/BLTest.DLL" adapterTypeName="Microsoft.VisualStudio.TestTools.TestTypes.Unit.UnitTestAdapter, Microsoft.VisualStudio.QualityTools.Tips.UnitTest.Adapter, Version=10.0.0.0, Culture=neutral, PublicKeyToken=b03f5f7f11d50a3a" className="BLTest.BLProductVariationTest, BLTest, Version=1.0.0.0, Culture=neutral, PublicKeyToken=null" name="UpdateProductVariationInfoTest" />
    </UnitTest>
    <UnitTest name="CreateProductColorErrorTest" storage="c:\users\bob\desktop\cse136_hw3\bltest\bin\debug\bltest.dll" id="1381d89d-e61a-d0f1-323e-009145c998cd">
      <Execution id="5437c13d-92b4-49c1-b92f-38e6fb2e2167" />
      <TestMethod codeBase="C:/Users/bob/Desktop/cse136_hw3/BLTest/bin/Debug/BLTest.DLL" adapterTypeName="Microsoft.VisualStudio.TestTools.TestTypes.Unit.UnitTestAdapter, Microsoft.VisualStudio.QualityTools.Tips.UnitTest.Adapter, Version=10.0.0.0, Culture=neutral, PublicKeyToken=b03f5f7f11d50a3a" className="BLTest.BLProductColorTest, BLTest, Version=1.0.0.0, Culture=neutral, PublicKeyToken=null" name="CreateProductColorErrorTest" />
    </UnitTest>
    <UnitTest name="ProductCuttingReadErrorTest" storage="c:\users\bob\desktop\cse136_hw3\bltest\bin\debug\bltest.dll" id="b22f890b-2fb2-8bc9-6072-6c13741d1a72">
      <Execution id="3a406a5b-af46-4b84-a090-524d5a679d2b" />
      <TestMethod codeBase="C:/Users/bob/Desktop/cse136_hw3/BLTest/bin/Debug/BLTest.DLL" adapterTypeName="Microsoft.VisualStudio.TestTools.TestTypes.Unit.UnitTestAdapter, Microsoft.VisualStudio.QualityTools.Tips.UnitTest.Adapter, Version=10.0.0.0, Culture=neutral, PublicKeyToken=b03f5f7f11d50a3a" className="BLTest.BLProductCuttingTest, BLTest, Version=1.0.0.0, Culture=neutral, PublicKeyToken=null" name="ProductCuttingReadErrorTest" />
    </UnitTest>
    <UnitTest name="UpdateOrderItemTest" storage="c:\users\bob\desktop\cse136_hw3\bltest\bin\debug\bltest.dll" id="9ab46af0-2743-cf89-1d6c-179a016f19ed">
      <Execution id="65d38eb5-85ed-4a68-a72f-05b4577d5c88" />
      <TestMethod codeBase="C:/Users/bob/Desktop/cse136_hw3/BLTest/bin/Debug/BLTest.DLL" adapterTypeName="Microsoft.VisualStudio.TestTools.TestTypes.Unit.UnitTestAdapter, Microsoft.VisualStudio.QualityTools.Tips.UnitTest.Adapter, Version=10.0.0.0, Culture=neutral, PublicKeyToken=b03f5f7f11d50a3a" className="BLTest.BLOrderItemTest, BLTest, Version=1.0.0.0, Culture=neutral, PublicKeyToken=null" name="UpdateOrderItemTest" />
    </UnitTest>
    <UnitTest name="DeleteOrderTest" storage="c:\users\bob\desktop\cse136_hw3\bltest\bin\debug\bltest.dll" id="493a7605-2b5d-6b34-77c0-38590edb775c">
      <Execution id="f5232a02-a696-4c10-b500-742dda43d051" />
      <TestMethod codeBase="C:/Users/bob/Desktop/cse136_hw3/BLTest/bin/Debug/BLTest.DLL" adapterTypeName="Microsoft.VisualStudio.TestTools.TestTypes.Unit.UnitTestAdapter, Microsoft.VisualStudio.QualityTools.Tips.UnitTest.Adapter, Version=10.0.0.0, Culture=neutral, PublicKeyToken=b03f5f7f11d50a3a" className="BLTest.BLOrdersTest, BLTest, Version=1.0.0.0, Culture=neutral, PublicKeyToken=null" name="DeleteOrderTest" />
    </UnitTest>
    <UnitTest name="CreateProductColorNullErrorTest" storage="c:\users\bob\desktop\cse136_hw3\bltest\bin\debug\bltest.dll" id="72a23555-32b2-8606-9cd7-3ffb7f93b94d">
      <Execution id="ed3d0ff9-5ecf-4871-bd9a-da34afc6b0e6" />
      <TestMethod codeBase="C:/Users/bob/Desktop/cse136_hw3/BLTest/bin/Debug/BLTest.DLL" adapterTypeName="Microsoft.VisualStudio.TestTools.TestTypes.Unit.UnitTestAdapter, Microsoft.VisualStudio.QualityTools.Tips.UnitTest.Adapter, Version=10.0.0.0, Culture=neutral, PublicKeyToken=b03f5f7f11d50a3a" className="BLTest.BLProductColorTest, BLTest, Version=1.0.0.0, Culture=neutral, PublicKeyToken=null" name="CreateProductColorNullErrorTest" />
    </UnitTest>
    <UnitTest name="CreateProductColorTest" storage="c:\users\bob\desktop\cse136_hw3\bltest\bin\debug\bltest.dll" id="306047c5-8044-ee12-21be-5249fd0ab8bc">
      <Execution id="ca670fb6-cffe-471b-af72-a0f8ead62cf4" />
      <TestMethod codeBase="C:/Users/bob/Desktop/cse136_hw3/BLTest/bin/Debug/BLTest.DLL" adapterTypeName="Microsoft.VisualStudio.TestTools.TestTypes.Unit.UnitTestAdapter, Microsoft.VisualStudio.QualityTools.Tips.UnitTest.Adapter, Version=10.0.0.0, Culture=neutral, PublicKeyToken=b03f5f7f11d50a3a" className="BLTest.BLProductColorTest, BLTest, Version=1.0.0.0, Culture=neutral, PublicKeyToken=null" name="CreateProductColorTest" />
    </UnitTest>
    <UnitTest name="CreateProductErrorTest" storage="c:\users\bob\desktop\cse136_hw3\bltest\bin\debug\bltest.dll" id="4984de8b-0f11-84fe-96e4-b08c00e8db25">
      <Execution id="c79566f8-5050-45d4-b520-727c1b266763" />
      <TestMethod codeBase="C:/Users/bob/Desktop/cse136_hw3/BLTest/bin/Debug/BLTest.DLL" adapterTypeName="Microsoft.VisualStudio.TestTools.TestTypes.Unit.UnitTestAdapter, Microsoft.VisualStudio.QualityTools.Tips.UnitTest.Adapter, Version=10.0.0.0, Culture=neutral, PublicKeyToken=b03f5f7f11d50a3a" className="BLTest.BLProductTest, BLTest, Version=1.0.0.0, Culture=neutral, PublicKeyToken=null" name="CreateProductErrorTest" />
    </UnitTest>
    <UnitTest name="ReadUserTest" storage="c:\users\bob\desktop\cse136_hw3\bltest\bin\debug\bltest.dll" id="f3f8f937-4c7c-939b-ae77-fc501524ffbb">
      <Execution id="da9251c5-955e-47c1-9d0c-6649bf7cdc99" />
      <TestMethod codeBase="C:/Users/bob/Desktop/cse136_hw3/BLTest/bin/Debug/BLTest.DLL" adapterTypeName="Microsoft.VisualStudio.TestTools.TestTypes.Unit.UnitTestAdapter, Microsoft.VisualStudio.QualityTools.Tips.UnitTest.Adapter, Version=10.0.0.0, Culture=neutral, PublicKeyToken=b03f5f7f11d50a3a" className="BLTest.BLUserTest, BLTest, Version=1.0.0.0, Culture=neutral, PublicKeyToken=null" name="ReadUserTest" />
    </UnitTest>
    <UnitTest name="ProductColorUpdateErrorTest" storage="c:\users\bob\desktop\cse136_hw3\bltest\bin\debug\bltest.dll" id="9cf39b8e-04c2-b861-736b-953b0b495874">
      <Execution id="d6e21015-4595-45d0-8d2f-0a08f28a469e" />
      <TestMethod codeBase="C:/Users/bob/Desktop/cse136_hw3/BLTest/bin/Debug/BLTest.DLL" adapterTypeName="Microsoft.VisualStudio.TestTools.TestTypes.Unit.UnitTestAdapter, Microsoft.VisualStudio.QualityTools.Tips.UnitTest.Adapter, Version=10.0.0.0, Culture=neutral, PublicKeyToken=b03f5f7f11d50a3a" className="BLTest.BLProductColorTest, BLTest, Version=1.0.0.0, Culture=neutral, PublicKeyToken=null" name="ProductColorUpdateErrorTest" />
    </UnitTest>
    <UnitTest name="UpdateProductCuttingTest" storage="c:\users\bob\desktop\cse136_hw3\bltest\bin\debug\bltest.dll" id="ad76f5b9-eef6-7da3-02e0-bcb403ffa630">
      <Execution id="a4c10329-b42c-48ef-ac33-b9eca6961c47" />
      <TestMethod codeBase="C:/Users/bob/Desktop/cse136_hw3/BLTest/bin/Debug/BLTest.DLL" adapterTypeName="Microsoft.VisualStudio.TestTools.TestTypes.Unit.UnitTestAdapter, Microsoft.VisualStudio.QualityTools.Tips.UnitTest.Adapter, Version=10.0.0.0, Culture=neutral, PublicKeyToken=b03f5f7f11d50a3a" className="BLTest.BLProductCuttingTest, BLTest, Version=1.0.0.0, Culture=neutral, PublicKeyToken=null" name="UpdateProductCuttingTest" />
    </UnitTest>
    <UnitTest name="ReadAllProductTest" storage="c:\users\bob\desktop\cse136_hw3\bltest\bin\debug\bltest.dll" id="0a828938-db60-83a2-bc54-b0d9d2623a89">
      <Execution id="73680c7c-7965-48de-b6b9-68bd394089b7" />
      <TestMethod codeBase="C:/Users/bob/Desktop/cse136_hw3/BLTest/bin/Debug/BLTest.DLL" adapterTypeName="Microsoft.VisualStudio.TestTools.TestTypes.Unit.UnitTestAdapter, Microsoft.VisualStudio.QualityTools.Tips.UnitTest.Adapter, Version=10.0.0.0, Culture=neutral, PublicKeyToken=b03f5f7f11d50a3a" className="BLTest.BLProductTest, BLTest, Version=1.0.0.0, Culture=neutral, PublicKeyToken=null" name="ReadAllProductTest" />
    </UnitTest>
    <UnitTest name="ReadOrderItemsTest" storage="c:\users\bob\desktop\cse136_hw3\bltest\bin\debug\bltest.dll" id="2ce09c11-f985-d871-f593-05b3d3bf012b">
      <Execution id="f5a1a84f-9b81-4961-ba6e-7a455717e20c" />
      <TestMethod codeBase="C:/Users/bob/Desktop/cse136_hw3/BLTest/bin/Debug/BLTest.DLL" adapterTypeName="Microsoft.VisualStudio.TestTools.TestTypes.Unit.UnitTestAdapter, Microsoft.VisualStudio.QualityTools.Tips.UnitTest.Adapter, Version=10.0.0.0, Culture=neutral, PublicKeyToken=b03f5f7f11d50a3a" className="BLTest.BLOrderItemTest, BLTest, Version=1.0.0.0, Culture=neutral, PublicKeyToken=null" name="ReadOrderItemsTest" />
    </UnitTest>
    <UnitTest name="UpdateCustomerTest" storage="c:\users\bob\desktop\cse136_hw3\bltest\bin\debug\bltest.dll" id="ec9f8ac9-bbad-7904-9e27-a42604c75864">
      <Execution id="ec0213c0-2b5c-471d-80c8-700e01331597" />
      <TestMethod codeBase="C:/Users/bob/Desktop/cse136_hw3/BLTest/bin/Debug/BLTest.DLL" adapterTypeName="Microsoft.VisualStudio.TestTools.TestTypes.Unit.UnitTestAdapter, Microsoft.VisualStudio.QualityTools.Tips.UnitTest.Adapter, Version=10.0.0.0, Culture=neutral, PublicKeyToken=b03f5f7f11d50a3a" className="BLTest.BLCustomerTest, BLTest, Version=1.0.0.0, Culture=neutral, PublicKeyToken=null" name="UpdateCustomerTest" />
    </UnitTest>
    <UnitTest name="ReadCustomerListTest" storage="c:\users\bob\desktop\cse136_hw3\bltest\bin\debug\bltest.dll" id="a1263318-9a7b-fd6c-9b9f-3e717746b915">
      <Execution id="d217291b-d2ce-4bed-9cd1-f90845086d1e" />
      <TestMethod codeBase="C:/Users/bob/Desktop/cse136_hw3/BLTest/bin/Debug/BLTest.DLL" adapterTypeName="Microsoft.VisualStudio.TestTools.TestTypes.Unit.UnitTestAdapter, Microsoft.VisualStudio.QualityTools.Tips.UnitTest.Adapter, Version=10.0.0.0, Culture=neutral, PublicKeyToken=b03f5f7f11d50a3a" className="BLTest.BLCustomerTest, BLTest, Version=1.0.0.0, Culture=neutral, PublicKeyToken=null" name="ReadCustomerListTest" />
    </UnitTest>
    <UnitTest name="CreateBrandNullErrorTest" storage="c:\users\bob\desktop\cse136_hw3\bltest\bin\debug\bltest.dll" id="1f1e50dc-302d-5d54-d1b6-de3ac7cc0579">
      <Execution id="fed9fd8d-6e59-4d98-8a22-66b5341e1c9f" />
      <TestMethod codeBase="C:/Users/bob/Desktop/cse136_hw3/BLTest/bin/Debug/BLTest.DLL" adapterTypeName="Microsoft.VisualStudio.TestTools.TestTypes.Unit.UnitTestAdapter, Microsoft.VisualStudio.QualityTools.Tips.UnitTest.Adapter, Version=10.0.0.0, Culture=neutral, PublicKeyToken=b03f5f7f11d50a3a" className="BLTest.BLBrandTest, BLTest, Version=1.0.0.0, Culture=neutral, PublicKeyToken=null" name="CreateBrandNullErrorTest" />
    </UnitTest>
    <UnitTest name="CreateOrderTest" storage="c:\users\bob\desktop\cse136_hw3\bltest\bin\debug\bltest.dll" id="fe9a4a1b-3bca-343b-6c6c-7b9a9abb113f">
      <Execution id="6ec13c10-ec10-45ba-9ec4-625e11533747" />
      <TestMethod codeBase="C:/Users/bob/Desktop/cse136_hw3/BLTest/bin/Debug/BLTest.DLL" adapterTypeName="Microsoft.VisualStudio.TestTools.TestTypes.Unit.UnitTestAdapter, Microsoft.VisualStudio.QualityTools.Tips.UnitTest.Adapter, Version=10.0.0.0, Culture=neutral, PublicKeyToken=b03f5f7f11d50a3a" className="BLTest.BLOrdersTest, BLTest, Version=1.0.0.0, Culture=neutral, PublicKeyToken=null" name="CreateOrderTest" />
    </UnitTest>
    <UnitTest name="UpdateUserTest" storage="c:\users\bob\desktop\cse136_hw3\bltest\bin\debug\bltest.dll" id="c64b361e-3205-0c95-c097-86cdfb42cda1">
      <Execution id="58e0184e-244f-43e7-a81b-29412ea13106" />
      <TestMethod codeBase="C:/Users/bob/Desktop/cse136_hw3/BLTest/bin/Debug/BLTest.DLL" adapterTypeName="Microsoft.VisualStudio.TestTools.TestTypes.Unit.UnitTestAdapter, Microsoft.VisualStudio.QualityTools.Tips.UnitTest.Adapter, Version=10.0.0.0, Culture=neutral, PublicKeyToken=b03f5f7f11d50a3a" className="BLTest.BLUserTest, BLTest, Version=1.0.0.0, Culture=neutral, PublicKeyToken=null" name="UpdateUserTest" />
    </UnitTest>
    <UnitTest name="ReadAllProductTypeTest" storage="c:\users\bob\desktop\cse136_hw3\bltest\bin\debug\bltest.dll" id="527f0874-7efa-38fb-4cdb-7845b6fdc52f">
      <Execution id="075e144e-8869-4fdf-9f5a-841130d0461e" />
      <TestMethod codeBase="C:/Users/bob/Desktop/cse136_hw3/BLTest/bin/Debug/BLTest.DLL" adapterTypeName="Microsoft.VisualStudio.TestTools.TestTypes.Unit.UnitTestAdapter, Microsoft.VisualStudio.QualityTools.Tips.UnitTest.Adapter, Version=10.0.0.0, Culture=neutral, PublicKeyToken=b03f5f7f11d50a3a" className="BLTest.BLProductTypeTest, BLTest, Version=1.0.0.0, Culture=neutral, PublicKeyToken=null" name="ReadAllProductTypeTest" />
    </UnitTest>
    <UnitTest name="ProductTypeReadErrorTest" storage="c:\users\bob\desktop\cse136_hw3\bltest\bin\debug\bltest.dll" id="87cd62b0-6032-0378-4d78-97f7b2cf2151">
      <Execution id="f2fdb4ee-0d46-4253-bbbe-93099dbc4dad" />
      <TestMethod codeBase="C:/Users/bob/Desktop/cse136_hw3/BLTest/bin/Debug/BLTest.DLL" adapterTypeName="Microsoft.VisualStudio.TestTools.TestTypes.Unit.UnitTestAdapter, Microsoft.VisualStudio.QualityTools.Tips.UnitTest.Adapter, Version=10.0.0.0, Culture=neutral, PublicKeyToken=b03f5f7f11d50a3a" className="BLTest.BLProductTypeTest, BLTest, Version=1.0.0.0, Culture=neutral, PublicKeyToken=null" name="ProductTypeReadErrorTest" />
    </UnitTest>
    <UnitTest name="ProductVariationUpdateErrorTest" storage="c:\users\bob\desktop\cse136_hw3\bltest\bin\debug\bltest.dll" id="8ddb55d2-cc76-8371-0cab-349758d0faba">
      <Execution id="498545ea-e0d9-4565-b292-37bb592e0618" />
      <TestMethod codeBase="C:/Users/bob/Desktop/cse136_hw3/BLTest/bin/Debug/BLTest.DLL" adapterTypeName="Microsoft.VisualStudio.TestTools.TestTypes.Unit.UnitTestAdapter, Microsoft.VisualStudio.QualityTools.Tips.UnitTest.Adapter, Version=10.0.0.0, Culture=neutral, PublicKeyToken=b03f5f7f11d50a3a" className="BLTest.BLProductVariationTest, BLTest, Version=1.0.0.0, Culture=neutral, PublicKeyToken=null" name="ProductVariationUpdateErrorTest" />
    </UnitTest>
    <UnitTest name="DeleteOrderItemTest" storage="c:\users\bob\desktop\cse136_hw3\bltest\bin\debug\bltest.dll" id="886bee7d-d334-dfe7-c238-7453c4d49aba">
      <Execution id="60df4079-543c-450d-8345-9e47ffb0efc3" />
      <TestMethod codeBase="C:/Users/bob/Desktop/cse136_hw3/BLTest/bin/Debug/BLTest.DLL" adapterTypeName="Microsoft.VisualStudio.TestTools.TestTypes.Unit.UnitTestAdapter, Microsoft.VisualStudio.QualityTools.Tips.UnitTest.Adapter, Version=10.0.0.0, Culture=neutral, PublicKeyToken=b03f5f7f11d50a3a" className="BLTest.BLOrderItemTest, BLTest, Version=1.0.0.0, Culture=neutral, PublicKeyToken=null" name="DeleteOrderItemTest" />
    </UnitTest>
    <UnitTest name="CreateBrandErrorTest" storage="c:\users\bob\desktop\cse136_hw3\bltest\bin\debug\bltest.dll" id="8440b3dd-4629-ecb3-bea3-283361475284">
      <Execution id="34363420-ddf6-4119-b40d-23f242586a31" />
      <TestMethod codeBase="C:/Users/bob/Desktop/cse136_hw3/BLTest/bin/Debug/BLTest.DLL" adapterTypeName="Microsoft.VisualStudio.TestTools.TestTypes.Unit.UnitTestAdapter, Microsoft.VisualStudio.QualityTools.Tips.UnitTest.Adapter, Version=10.0.0.0, Culture=neutral, PublicKeyToken=b03f5f7f11d50a3a" className="BLTest.BLBrandTest, BLTest, Version=1.0.0.0, Culture=neutral, PublicKeyToken=null" name="CreateBrandErrorTest" />
    </UnitTest>
    <UnitTest name="ReadOrderTest" storage="c:\users\bob\desktop\cse136_hw3\bltest\bin\debug\bltest.dll" id="1b544148-93f6-a7fe-ec0a-e48ebd3d2844">
      <Execution id="8e62650d-12ae-4b6d-bb5d-3506f92ad8a7" />
      <TestMethod codeBase="C:/Users/bob/Desktop/cse136_hw3/BLTest/bin/Debug/BLTest.DLL" adapterTypeName="Microsoft.VisualStudio.TestTools.TestTypes.Unit.UnitTestAdapter, Microsoft.VisualStudio.QualityTools.Tips.UnitTest.Adapter, Version=10.0.0.0, Culture=neutral, PublicKeyToken=b03f5f7f11d50a3a" className="BLTest.BLOrdersTest, BLTest, Version=1.0.0.0, Culture=neutral, PublicKeyToken=null" name="ReadOrderTest" />
    </UnitTest>
    <UnitTest name="CreateCustomerTest" storage="c:\users\bob\desktop\cse136_hw3\bltest\bin\debug\bltest.dll" id="f5116b98-dd2f-50c2-839b-71e219a68e4d">
      <Execution id="4d7cb9cb-56a7-431a-b107-5bcee2507a41" />
      <TestMethod codeBase="C:/Users/bob/Desktop/cse136_hw3/BLTest/bin/Debug/BLTest.DLL" adapterTypeName="Microsoft.VisualStudio.TestTools.TestTypes.Unit.UnitTestAdapter, Microsoft.VisualStudio.QualityTools.Tips.UnitTest.Adapter, Version=10.0.0.0, Culture=neutral, PublicKeyToken=b03f5f7f11d50a3a" className="BLTest.BLCustomerTest, BLTest, Version=1.0.0.0, Culture=neutral, PublicKeyToken=null" name="CreateCustomerTest" />
    </UnitTest>
    <UnitTest name="DeleteProductVariationInfoTest" storage="c:\users\bob\desktop\cse136_hw3\bltest\bin\debug\bltest.dll" id="51e7e7bf-6ccc-542c-0d91-d03ec1c8332e">
      <Execution id="1e0568ad-d3d8-4eac-b3d2-b241beb4e76a" />
      <TestMethod codeBase="C:/Users/bob/Desktop/cse136_hw3/BLTest/bin/Debug/BLTest.DLL" adapterTypeName="Microsoft.VisualStudio.TestTools.TestTypes.Unit.UnitTestAdapter, Microsoft.VisualStudio.QualityTools.Tips.UnitTest.Adapter, Version=10.0.0.0, Culture=neutral, PublicKeyToken=b03f5f7f11d50a3a" className="BLTest.BLProductVariationTest, BLTest, Version=1.0.0.0, Culture=neutral, PublicKeyToken=null" name="DeleteProductVariationInfoTest" />
    </UnitTest>
    <UnitTest name="CreateProductVariationErrorTest" storage="c:\users\bob\desktop\cse136_hw3\bltest\bin\debug\bltest.dll" id="2c820968-7c91-03d3-a299-ef437a4adae9">
      <Execution id="96aae078-01c3-4532-b72a-29136de35131" />
      <TestMethod codeBase="C:/Users/bob/Desktop/cse136_hw3/BLTest/bin/Debug/BLTest.DLL" adapterTypeName="Microsoft.VisualStudio.TestTools.TestTypes.Unit.UnitTestAdapter, Microsoft.VisualStudio.QualityTools.Tips.UnitTest.Adapter, Version=10.0.0.0, Culture=neutral, PublicKeyToken=b03f5f7f11d50a3a" className="BLTest.BLProductVariationTest, BLTest, Version=1.0.0.0, Culture=neutral, PublicKeyToken=null" name="CreateProductVariationErrorTest" />
    </UnitTest>
    <UnitTest name="UpdateProductTest" storage="c:\users\bob\desktop\cse136_hw3\bltest\bin\debug\bltest.dll" id="fceb51c8-60ab-9dba-9bc5-68eec453d8bc">
      <Execution id="88965073-b11d-4767-bc20-62ba41a62783" />
      <TestMethod codeBase="C:/Users/bob/Desktop/cse136_hw3/BLTest/bin/Debug/BLTest.DLL" adapterTypeName="Microsoft.VisualStudio.TestTools.TestTypes.Unit.UnitTestAdapter, Microsoft.VisualStudio.QualityTools.Tips.UnitTest.Adapter, Version=10.0.0.0, Culture=neutral, PublicKeyToken=b03f5f7f11d50a3a" className="BLTest.BLProductTest, BLTest, Version=1.0.0.0, Culture=neutral, PublicKeyToken=null" name="UpdateProductTest" />
    </UnitTest>
    <UnitTest name="BrandReadErrorTest" storage="c:\users\bob\desktop\cse136_hw3\bltest\bin\debug\bltest.dll" id="cddde496-20c6-4b8e-d5cd-072a15f2fccb">
      <Execution id="4bc3126a-372b-4235-8969-8250c85a2bbe" />
      <TestMethod codeBase="C:/Users/bob/Desktop/cse136_hw3/BLTest/bin/Debug/BLTest.DLL" adapterTypeName="Microsoft.VisualStudio.TestTools.TestTypes.Unit.UnitTestAdapter, Microsoft.VisualStudio.QualityTools.Tips.UnitTest.Adapter, Version=10.0.0.0, Culture=neutral, PublicKeyToken=b03f5f7f11d50a3a" className="BLTest.BLBrandTest, BLTest, Version=1.0.0.0, Culture=neutral, PublicKeyToken=null" name="BrandReadErrorTest" />
    </UnitTest>
    <UnitTest name="ReadAllBrandTest" storage="c:\users\bob\desktop\cse136_hw3\bltest\bin\debug\bltest.dll" id="44c316ef-e570-09f1-f2c1-54180c893f98">
      <Execution id="cc33e239-f0d5-4dbe-911d-92352d19b1ae" />
      <TestMethod codeBase="C:/Users/bob/Desktop/cse136_hw3/BLTest/bin/Debug/BLTest.DLL" adapterTypeName="Microsoft.VisualStudio.TestTools.TestTypes.Unit.UnitTestAdapter, Microsoft.VisualStudio.QualityTools.Tips.UnitTest.Adapter, Version=10.0.0.0, Culture=neutral, PublicKeyToken=b03f5f7f11d50a3a" className="BLTest.BLBrandTest, BLTest, Version=1.0.0.0, Culture=neutral, PublicKeyToken=null" name="ReadAllBrandTest" />
    </UnitTest>
    <UnitTest name="CreateProductNullErrorTest" storage="c:\users\bob\desktop\cse136_hw3\bltest\bin\debug\bltest.dll" id="d2636e01-07d3-8d97-7e57-ab6725f5e972">
      <Execution id="7334784d-a7f4-4f29-8703-d23fe2572f7b" />
      <TestMethod codeBase="C:/Users/bob/Desktop/cse136_hw3/BLTest/bin/Debug/BLTest.DLL" adapterTypeName="Microsoft.VisualStudio.TestTools.TestTypes.Unit.UnitTestAdapter, Microsoft.VisualStudio.QualityTools.Tips.UnitTest.Adapter, Version=10.0.0.0, Culture=neutral, PublicKeyToken=b03f5f7f11d50a3a" className="BLTest.BLProductTest, BLTest, Version=1.0.0.0, Culture=neutral, PublicKeyToken=null" name="CreateProductNullErrorTest" />
    </UnitTest>
    <UnitTest name="ReadAllProductCuttingTest" storage="c:\users\bob\desktop\cse136_hw3\bltest\bin\debug\bltest.dll" id="6567eec0-603e-0c1c-b63c-38e9a20c4df4">
      <Execution id="07136d7c-7bd0-4dac-8004-25686bd51ad3" />
      <TestMethod codeBase="C:/Users/bob/Desktop/cse136_hw3/BLTest/bin/Debug/BLTest.DLL" adapterTypeName="Microsoft.VisualStudio.TestTools.TestTypes.Unit.UnitTestAdapter, Microsoft.VisualStudio.QualityTools.Tips.UnitTest.Adapter, Version=10.0.0.0, Culture=neutral, PublicKeyToken=b03f5f7f11d50a3a" className="BLTest.BLProductCuttingTest, BLTest, Version=1.0.0.0, Culture=neutral, PublicKeyToken=null" name="ReadAllProductCuttingTest" />
    </UnitTest>
    <UnitTest name="CreateProductTypeTest" storage="c:\users\bob\desktop\cse136_hw3\bltest\bin\debug\bltest.dll" id="1e60bab5-dba5-e699-f6b8-0811bd4de6e3">
      <Execution id="327f85bd-526b-4460-9021-687e63134963" />
      <TestMethod codeBase="C:/Users/bob/Desktop/cse136_hw3/BLTest/bin/Debug/BLTest.DLL" adapterTypeName="Microsoft.VisualStudio.TestTools.TestTypes.Unit.UnitTestAdapter, Microsoft.VisualStudio.QualityTools.Tips.UnitTest.Adapter, Version=10.0.0.0, Culture=neutral, PublicKeyToken=b03f5f7f11d50a3a" className="BLTest.BLProductTypeTest, BLTest, Version=1.0.0.0, Culture=neutral, PublicKeyToken=null" name="CreateProductTypeTest" />
    </UnitTest>
    <UnitTest name="ReadAllProductColorTest" storage="c:\users\bob\desktop\cse136_hw3\bltest\bin\debug\bltest.dll" id="53956050-dfb2-bc6f-a53b-1e274204bdd8">
      <Execution id="2227191f-925b-481f-9c0f-aff46c1a5ad9" />
      <TestMethod codeBase="C:/Users/bob/Desktop/cse136_hw3/BLTest/bin/Debug/BLTest.DLL" adapterTypeName="Microsoft.VisualStudio.TestTools.TestTypes.Unit.UnitTestAdapter, Microsoft.VisualStudio.QualityTools.Tips.UnitTest.Adapter, Version=10.0.0.0, Culture=neutral, PublicKeyToken=b03f5f7f11d50a3a" className="BLTest.BLProductColorTest, BLTest, Version=1.0.0.0, Culture=neutral, PublicKeyToken=null" name="ReadAllProductColorTest" />
    </UnitTest>
    <UnitTest name="CreateOrderItemTest" storage="c:\users\bob\desktop\cse136_hw3\bltest\bin\debug\bltest.dll" id="cc943512-d061-8a99-3a4a-22ce9199b189">
      <Execution id="57fbdd53-86d9-4279-9f3a-4110a8521379" />
      <TestMethod codeBase="C:/Users/bob/Desktop/cse136_hw3/BLTest/bin/Debug/BLTest.DLL" adapterTypeName="Microsoft.VisualStudio.TestTools.TestTypes.Unit.UnitTestAdapter, Microsoft.VisualStudio.QualityTools.Tips.UnitTest.Adapter, Version=10.0.0.0, Culture=neutral, PublicKeyToken=b03f5f7f11d50a3a" className="BLTest.BLOrderItemTest, BLTest, Version=1.0.0.0, Culture=neutral, PublicKeyToken=null" name="CreateOrderItemTest" />
    </UnitTest>
    <UnitTest name="ProductReadErrorTest" storage="c:\users\bob\desktop\cse136_hw3\bltest\bin\debug\bltest.dll" id="a91e9ed3-5646-12d6-93c6-af2db48c7e59">
      <Execution id="02d7d230-7f83-40f5-8b6a-59b75d9069ff" />
      <TestMethod codeBase="C:/Users/bob/Desktop/cse136_hw3/BLTest/bin/Debug/BLTest.DLL" adapterTypeName="Microsoft.VisualStudio.TestTools.TestTypes.Unit.UnitTestAdapter, Microsoft.VisualStudio.QualityTools.Tips.UnitTest.Adapter, Version=10.0.0.0, Culture=neutral, PublicKeyToken=b03f5f7f11d50a3a" className="BLTest.BLProductTest, BLTest, Version=1.0.0.0, Culture=neutral, PublicKeyToken=null" name="ProductReadErrorTest" />
    </UnitTest>
    <UnitTest name="ProductColorReadErrorTest" storage="c:\users\bob\desktop\cse136_hw3\bltest\bin\debug\bltest.dll" id="a371c641-f9b0-857d-8d7a-ba50f3ebff43">
      <Execution id="3265cb1c-8151-40c3-90fd-068619c856da" />
      <TestMethod codeBase="C:/Users/bob/Desktop/cse136_hw3/BLTest/bin/Debug/BLTest.DLL" adapterTypeName="Microsoft.VisualStudio.TestTools.TestTypes.Unit.UnitTestAdapter, Microsoft.VisualStudio.QualityTools.Tips.UnitTest.Adapter, Version=10.0.0.0, Culture=neutral, PublicKeyToken=b03f5f7f11d50a3a" className="BLTest.BLProductColorTest, BLTest, Version=1.0.0.0, Culture=neutral, PublicKeyToken=null" name="ProductColorReadErrorTest" />
    </UnitTest>
    <UnitTest name="DeleteUserTest" storage="c:\users\bob\desktop\cse136_hw3\bltest\bin\debug\bltest.dll" id="924a726f-7065-3789-c891-f57af25f387b">
      <Execution id="00561d28-cb74-41f9-bde2-40f0168fab48" />
      <TestMethod codeBase="C:/Users/bob/Desktop/cse136_hw3/BLTest/bin/Debug/BLTest.DLL" adapterTypeName="Microsoft.VisualStudio.TestTools.TestTypes.Unit.UnitTestAdapter, Microsoft.VisualStudio.QualityTools.Tips.UnitTest.Adapter, Version=10.0.0.0, Culture=neutral, PublicKeyToken=b03f5f7f11d50a3a" className="BLTest.BLUserTest, BLTest, Version=1.0.0.0, Culture=neutral, PublicKeyToken=null" name="DeleteUserTest" />
    </UnitTest>
    <UnitTest name="UpdateBrandTest" storage="c:\users\bob\desktop\cse136_hw3\bltest\bin\debug\bltest.dll" id="6724fe7d-3a6e-82e1-5e9c-bfae58cb851f">
      <Execution id="66f62fda-a4c4-489e-ad1f-8d3d5c326d9e" />
      <TestMethod codeBase="C:/Users/bob/Desktop/cse136_hw3/BLTest/bin/Debug/BLTest.DLL" adapterTypeName="Microsoft.VisualStudio.TestTools.TestTypes.Unit.UnitTestAdapter, Microsoft.VisualStudio.QualityTools.Tips.UnitTest.Adapter, Version=10.0.0.0, Culture=neutral, PublicKeyToken=b03f5f7f11d50a3a" className="BLTest.BLBrandTest, BLTest, Version=1.0.0.0, Culture=neutral, PublicKeyToken=null" name="UpdateBrandTest" />
    </UnitTest>
    <UnitTest name="ReadAllPVTest" storage="c:\users\bob\desktop\cse136_hw3\bltest\bin\debug\bltest.dll" id="83def0be-13ed-eb0c-cf34-39cb5d72d47e">
      <Execution id="11188913-b1bf-4e4d-a51f-58e7fc89cabd" />
      <TestMethod codeBase="C:/Users/bob/Desktop/cse136_hw3/BLTest/bin/Debug/BLTest.DLL" adapterTypeName="Microsoft.VisualStudio.TestTools.TestTypes.Unit.UnitTestAdapter, Microsoft.VisualStudio.QualityTools.Tips.UnitTest.Adapter, Version=10.0.0.0, Culture=neutral, PublicKeyToken=b03f5f7f11d50a3a" className="BLTest.BLProductVariationTest, BLTest, Version=1.0.0.0, Culture=neutral, PublicKeyToken=null" name="ReadAllPVTest" />
    </UnitTest>
    <UnitTest name="CreateProductTest" storage="c:\users\bob\desktop\cse136_hw3\bltest\bin\debug\bltest.dll" id="a5af5316-0907-aef9-72aa-1e7958fc3974">
      <Execution id="a796178e-bedf-4cad-a9ab-1055ea94208a" />
      <TestMethod codeBase="C:/Users/bob/Desktop/cse136_hw3/BLTest/bin/Debug/BLTest.DLL" adapterTypeName="Microsoft.VisualStudio.TestTools.TestTypes.Unit.UnitTestAdapter, Microsoft.VisualStudio.QualityTools.Tips.UnitTest.Adapter, Version=10.0.0.0, Culture=neutral, PublicKeyToken=b03f5f7f11d50a3a" className="BLTest.BLProductTest, BLTest, Version=1.0.0.0, Culture=neutral, PublicKeyToken=null" name="CreateProductTest" />
    </UnitTest>
    <UnitTest name="CreateProductCuttingErrorTest" storage="c:\users\bob\desktop\cse136_hw3\bltest\bin\debug\bltest.dll" id="906cdd9a-e41c-b869-1786-a4ffe476ad69">
      <Execution id="aa4d7896-1ecc-4caa-bc54-9da2e97b7508" />
      <TestMethod codeBase="C:/Users/bob/Desktop/cse136_hw3/BLTest/bin/Debug/BLTest.DLL" adapterTypeName="Microsoft.VisualStudio.TestTools.TestTypes.Unit.UnitTestAdapter, Microsoft.VisualStudio.QualityTools.Tips.UnitTest.Adapter, Version=10.0.0.0, Culture=neutral, PublicKeyToken=b03f5f7f11d50a3a" className="BLTest.BLProductCuttingTest, BLTest, Version=1.0.0.0, Culture=neutral, PublicKeyToken=null" name="CreateProductCuttingErrorTest" />
    </UnitTest>
    <UnitTest name="ProductTypeUpdateErrorTest" storage="c:\users\bob\desktop\cse136_hw3\bltest\bin\debug\bltest.dll" id="c67b2499-e7a4-2b19-624b-77fbc4aeac92">
      <Execution id="d4c9643d-ebbf-4d35-832f-a23041f38f74" />
      <TestMethod codeBase="C:/Users/bob/Desktop/cse136_hw3/BLTest/bin/Debug/BLTest.DLL" adapterTypeName="Microsoft.VisualStudio.TestTools.TestTypes.Unit.UnitTestAdapter, Microsoft.VisualStudio.QualityTools.Tips.UnitTest.Adapter, Version=10.0.0.0, Culture=neutral, PublicKeyToken=b03f5f7f11d50a3a" className="BLTest.BLProductTypeTest, BLTest, Version=1.0.0.0, Culture=neutral, PublicKeyToken=null" name="ProductTypeUpdateErrorTest" />
    </UnitTest>
    <UnitTest name="CreateProductCuttingTest" storage="c:\users\bob\desktop\cse136_hw3\bltest\bin\debug\bltest.dll" id="4068bac0-9c67-8bcf-fe66-d8581e88d686">
      <Execution id="16748c9a-2814-48e6-b4fd-affe57f953db" />
      <TestMethod codeBase="C:/Users/bob/Desktop/cse136_hw3/BLTest/bin/Debug/BLTest.DLL" adapterTypeName="Microsoft.VisualStudio.TestTools.TestTypes.Unit.UnitTestAdapter, Microsoft.VisualStudio.QualityTools.Tips.UnitTest.Adapter, Version=10.0.0.0, Culture=neutral, PublicKeyToken=b03f5f7f11d50a3a" className="BLTest.BLProductCuttingTest, BLTest, Version=1.0.0.0, Culture=neutral, PublicKeyToken=null" name="CreateProductCuttingTest" />
    </UnitTest>
    <UnitTest name="UpdateProductColorTest" storage="c:\users\bob\desktop\cse136_hw3\bltest\bin\debug\bltest.dll" id="dc348301-aaee-9d57-e85e-e7bdc8bf9c91">
      <Execution id="cd03d2ae-2b9c-4be4-9236-4443fff0850d" />
      <TestMethod codeBase="C:/Users/bob/Desktop/cse136_hw3/BLTest/bin/Debug/BLTest.DLL" adapterTypeName="Microsoft.VisualStudio.TestTools.TestTypes.Unit.UnitTestAdapter, Microsoft.VisualStudio.QualityTools.Tips.UnitTest.Adapter, Version=10.0.0.0, Culture=neutral, PublicKeyToken=b03f5f7f11d50a3a" className="BLTest.BLProductColorTest, BLTest, Version=1.0.0.0, Culture=neutral, PublicKeyToken=null" name="UpdateProductColorTest" />
    </UnitTest>
    <UnitTest name="ReadOrderItemTest" storage="c:\users\bob\desktop\cse136_hw3\bltest\bin\debug\bltest.dll" id="cb576a10-2d92-ab9f-8fcd-b9bd7c8e4579">
      <Execution id="0eff4826-0cf3-4f4c-b1c5-118517820a7a" />
      <TestMethod codeBase="C:/Users/bob/Desktop/cse136_hw3/BLTest/bin/Debug/BLTest.DLL" adapterTypeName="Microsoft.VisualStudio.TestTools.TestTypes.Unit.UnitTestAdapter, Microsoft.VisualStudio.QualityTools.Tips.UnitTest.Adapter, Version=10.0.0.0, Culture=neutral, PublicKeyToken=b03f5f7f11d50a3a" className="BLTest.BLOrderItemTest, BLTest, Version=1.0.0.0, Culture=neutral, PublicKeyToken=null" name="ReadOrderItemTest" />
    </UnitTest>
  </TestDefinitions>
  <TestLists>
    <TestList name="Results Not in a List" id="8c84fa94-04c1-424b-9868-57a2d4851a1d" />
    <TestList name="All Loaded Results" id="19431567-8539-422a-85d7-44ee4e166bda" />
  </TestLists>
  <TestEntries>
    <TestEntry testId="0a828938-db60-83a2-bc54-b0d9d2623a89" executionId="73680c7c-7965-48de-b6b9-68bd394089b7" testListId="8c84fa94-04c1-424b-9868-57a2d4851a1d" />
    <TestEntry testId="1381d89d-e61a-d0f1-323e-009145c998cd" executionId="5437c13d-92b4-49c1-b92f-38e6fb2e2167" testListId="8c84fa94-04c1-424b-9868-57a2d4851a1d" />
    <TestEntry testId="158d2d91-82ad-445a-f6d1-cade85604603" executionId="50ab019d-0838-47c3-a706-43324a28d91c" testListId="8c84fa94-04c1-424b-9868-57a2d4851a1d" />
    <TestEntry testId="17a47e80-72b2-0437-6c34-884341a72cbe" executionId="311a8457-0e42-4f53-b593-643641175d70" testListId="8c84fa94-04c1-424b-9868-57a2d4851a1d" />
    <TestEntry testId="1b544148-93f6-a7fe-ec0a-e48ebd3d2844" executionId="8e62650d-12ae-4b6d-bb5d-3506f92ad8a7" testListId="8c84fa94-04c1-424b-9868-57a2d4851a1d" />
    <TestEntry testId="1e60bab5-dba5-e699-f6b8-0811bd4de6e3" executionId="327f85bd-526b-4460-9021-687e63134963" testListId="8c84fa94-04c1-424b-9868-57a2d4851a1d" />
    <TestEntry testId="1f1e50dc-302d-5d54-d1b6-de3ac7cc0579" executionId="fed9fd8d-6e59-4d98-8a22-66b5341e1c9f" testListId="8c84fa94-04c1-424b-9868-57a2d4851a1d" />
    <TestEntry testId="2c820968-7c91-03d3-a299-ef437a4adae9" executionId="96aae078-01c3-4532-b72a-29136de35131" testListId="8c84fa94-04c1-424b-9868-57a2d4851a1d" />
    <TestEntry testId="2ce09c11-f985-d871-f593-05b3d3bf012b" executionId="f5a1a84f-9b81-4961-ba6e-7a455717e20c" testListId="8c84fa94-04c1-424b-9868-57a2d4851a1d" />
    <TestEntry testId="2de277d9-37a5-c97d-c930-1d6c85ec007a" executionId="db09e187-0af5-458f-85ce-84ab096bc935" testListId="8c84fa94-04c1-424b-9868-57a2d4851a1d" />
    <TestEntry testId="306047c5-8044-ee12-21be-5249fd0ab8bc" executionId="ca670fb6-cffe-471b-af72-a0f8ead62cf4" testListId="8c84fa94-04c1-424b-9868-57a2d4851a1d" />
    <TestEntry testId="32befc5b-2805-679f-e132-a2c900e50a08" executionId="4a621f08-025f-4768-a015-60b35527695e" testListId="8c84fa94-04c1-424b-9868-57a2d4851a1d" />
    <TestEntry testId="4068bac0-9c67-8bcf-fe66-d8581e88d686" executionId="16748c9a-2814-48e6-b4fd-affe57f953db" testListId="8c84fa94-04c1-424b-9868-57a2d4851a1d" />
    <TestEntry testId="44c316ef-e570-09f1-f2c1-54180c893f98" executionId="cc33e239-f0d5-4dbe-911d-92352d19b1ae" testListId="8c84fa94-04c1-424b-9868-57a2d4851a1d" />
    <TestEntry testId="493a7605-2b5d-6b34-77c0-38590edb775c" executionId="f5232a02-a696-4c10-b500-742dda43d051" testListId="8c84fa94-04c1-424b-9868-57a2d4851a1d" />
    <TestEntry testId="4984de8b-0f11-84fe-96e4-b08c00e8db25" executionId="c79566f8-5050-45d4-b520-727c1b266763" testListId="8c84fa94-04c1-424b-9868-57a2d4851a1d" />
    <TestEntry testId="51e7e7bf-6ccc-542c-0d91-d03ec1c8332e" executionId="1e0568ad-d3d8-4eac-b3d2-b241beb4e76a" testListId="8c84fa94-04c1-424b-9868-57a2d4851a1d" />
    <TestEntry testId="527f0874-7efa-38fb-4cdb-7845b6fdc52f" executionId="075e144e-8869-4fdf-9f5a-841130d0461e" testListId="8c84fa94-04c1-424b-9868-57a2d4851a1d" />
    <TestEntry testId="53956050-dfb2-bc6f-a53b-1e274204bdd8" executionId="2227191f-925b-481f-9c0f-aff46c1a5ad9" testListId="8c84fa94-04c1-424b-9868-57a2d4851a1d" />
    <TestEntry testId="6567eec0-603e-0c1c-b63c-38e9a20c4df4" executionId="07136d7c-7bd0-4dac-8004-25686bd51ad3" testListId="8c84fa94-04c1-424b-9868-57a2d4851a1d" />
    <TestEntry testId="6724fe7d-3a6e-82e1-5e9c-bfae58cb851f" executionId="66f62fda-a4c4-489e-ad1f-8d3d5c326d9e" testListId="8c84fa94-04c1-424b-9868-57a2d4851a1d" />
    <TestEntry testId="72a23555-32b2-8606-9cd7-3ffb7f93b94d" executionId="ed3d0ff9-5ecf-4871-bd9a-da34afc6b0e6" testListId="8c84fa94-04c1-424b-9868-57a2d4851a1d" />
    <TestEntry testId="73a2a41e-edaf-9b15-53d0-e9a56dfdd209" executionId="8a9da2e9-fa6f-428e-aed4-c989d2da8549" testListId="8c84fa94-04c1-424b-9868-57a2d4851a1d" />
    <TestEntry testId="749e2125-91f3-366c-3cc9-5d757c5d89fc" executionId="5d9e04bd-ff45-42aa-9250-66f9d12fecae" testListId="8c84fa94-04c1-424b-9868-57a2d4851a1d" />
    <TestEntry testId="7c829374-b2b7-a64c-0106-8a1c527f9eee" executionId="31f46c52-5c7c-4086-8782-090f9767b060" testListId="8c84fa94-04c1-424b-9868-57a2d4851a1d" />
    <TestEntry testId="83def0be-13ed-eb0c-cf34-39cb5d72d47e" executionId="11188913-b1bf-4e4d-a51f-58e7fc89cabd" testListId="8c84fa94-04c1-424b-9868-57a2d4851a1d" />
    <TestEntry testId="8440b3dd-4629-ecb3-bea3-283361475284" executionId="34363420-ddf6-4119-b40d-23f242586a31" testListId="8c84fa94-04c1-424b-9868-57a2d4851a1d" />
    <TestEntry testId="87cd62b0-6032-0378-4d78-97f7b2cf2151" executionId="f2fdb4ee-0d46-4253-bbbe-93099dbc4dad" testListId="8c84fa94-04c1-424b-9868-57a2d4851a1d" />
    <TestEntry testId="886bee7d-d334-dfe7-c238-7453c4d49aba" executionId="60df4079-543c-450d-8345-9e47ffb0efc3" testListId="8c84fa94-04c1-424b-9868-57a2d4851a1d" />
    <TestEntry testId="8ddb55d2-cc76-8371-0cab-349758d0faba" executionId="498545ea-e0d9-4565-b292-37bb592e0618" testListId="8c84fa94-04c1-424b-9868-57a2d4851a1d" />
    <TestEntry testId="906cdd9a-e41c-b869-1786-a4ffe476ad69" executionId="aa4d7896-1ecc-4caa-bc54-9da2e97b7508" testListId="8c84fa94-04c1-424b-9868-57a2d4851a1d" />
    <TestEntry testId="924a726f-7065-3789-c891-f57af25f387b" executionId="00561d28-cb74-41f9-bde2-40f0168fab48" testListId="8c84fa94-04c1-424b-9868-57a2d4851a1d" />
    <TestEntry testId="9ab46af0-2743-cf89-1d6c-179a016f19ed" executionId="65d38eb5-85ed-4a68-a72f-05b4577d5c88" testListId="8c84fa94-04c1-424b-9868-57a2d4851a1d" />
    <TestEntry testId="9cf39b8e-04c2-b861-736b-953b0b495874" executionId="d6e21015-4595-45d0-8d2f-0a08f28a469e" testListId="8c84fa94-04c1-424b-9868-57a2d4851a1d" />
    <TestEntry testId="a1263318-9a7b-fd6c-9b9f-3e717746b915" executionId="d217291b-d2ce-4bed-9cd1-f90845086d1e" testListId="8c84fa94-04c1-424b-9868-57a2d4851a1d" />
    <TestEntry testId="a371c641-f9b0-857d-8d7a-ba50f3ebff43" executionId="3265cb1c-8151-40c3-90fd-068619c856da" testListId="8c84fa94-04c1-424b-9868-57a2d4851a1d" />
    <TestEntry testId="a5af5316-0907-aef9-72aa-1e7958fc3974" executionId="a796178e-bedf-4cad-a9ab-1055ea94208a" testListId="8c84fa94-04c1-424b-9868-57a2d4851a1d" />
    <TestEntry testId="a7d7b29b-200e-e950-acdb-f74fb0c8329a" executionId="9c18503e-90fa-4cda-9bdf-56dd08a6f356" testListId="8c84fa94-04c1-424b-9868-57a2d4851a1d" />
    <TestEntry testId="a91e9ed3-5646-12d6-93c6-af2db48c7e59" executionId="02d7d230-7f83-40f5-8b6a-59b75d9069ff" testListId="8c84fa94-04c1-424b-9868-57a2d4851a1d" />
    <TestEntry testId="ad76f5b9-eef6-7da3-02e0-bcb403ffa630" executionId="a4c10329-b42c-48ef-ac33-b9eca6961c47" testListId="8c84fa94-04c1-424b-9868-57a2d4851a1d" />
    <TestEntry testId="b22f890b-2fb2-8bc9-6072-6c13741d1a72" executionId="3a406a5b-af46-4b84-a090-524d5a679d2b" testListId="8c84fa94-04c1-424b-9868-57a2d4851a1d" />
    <TestEntry testId="bdcd5694-6f47-8e9c-4f0a-b5a3d00cbbdc" executionId="940eb58a-7f7f-4acd-84aa-258d4d42fae3" testListId="8c84fa94-04c1-424b-9868-57a2d4851a1d" />
    <TestEntry testId="bfb23467-9ed6-2af2-a378-dc1e9bbf5b26" executionId="821522c6-fb6e-4235-a6d5-cbedc2d83de2" testListId="8c84fa94-04c1-424b-9868-57a2d4851a1d" />
    <TestEntry testId="c64b361e-3205-0c95-c097-86cdfb42cda1" executionId="58e0184e-244f-43e7-a81b-29412ea13106" testListId="8c84fa94-04c1-424b-9868-57a2d4851a1d" />
    <TestEntry testId="c67b2499-e7a4-2b19-624b-77fbc4aeac92" executionId="d4c9643d-ebbf-4d35-832f-a23041f38f74" testListId="8c84fa94-04c1-424b-9868-57a2d4851a1d" />
    <TestEntry testId="c6b026e9-3960-4229-9874-a43b265d5ac5" executionId="05b50477-2218-4b74-a20d-9d04955b6341" testListId="8c84fa94-04c1-424b-9868-57a2d4851a1d" />
    <TestEntry testId="cb576a10-2d92-ab9f-8fcd-b9bd7c8e4579" executionId="0eff4826-0cf3-4f4c-b1c5-118517820a7a" testListId="8c84fa94-04c1-424b-9868-57a2d4851a1d" />
    <TestEntry testId="cc943512-d061-8a99-3a4a-22ce9199b189" executionId="57fbdd53-86d9-4279-9f3a-4110a8521379" testListId="8c84fa94-04c1-424b-9868-57a2d4851a1d" />
    <TestEntry testId="cddde496-20c6-4b8e-d5cd-072a15f2fccb" executionId="4bc3126a-372b-4235-8969-8250c85a2bbe" testListId="8c84fa94-04c1-424b-9868-57a2d4851a1d" />
    <TestEntry testId="d2636e01-07d3-8d97-7e57-ab6725f5e972" executionId="7334784d-a7f4-4f29-8703-d23fe2572f7b" testListId="8c84fa94-04c1-424b-9868-57a2d4851a1d" />
    <TestEntry testId="dc348301-aaee-9d57-e85e-e7bdc8bf9c91" executionId="cd03d2ae-2b9c-4be4-9236-4443fff0850d" testListId="8c84fa94-04c1-424b-9868-57a2d4851a1d" />
    <TestEntry testId="e838b5ac-738c-c97e-c3d6-f1fb0daa2370" executionId="b6ca3fd3-7acc-42d6-ba73-02450e558594" testListId="8c84fa94-04c1-424b-9868-57a2d4851a1d" />
    <TestEntry testId="ec9f8ac9-bbad-7904-9e27-a42604c75864" executionId="ec0213c0-2b5c-471d-80c8-700e01331597" testListId="8c84fa94-04c1-424b-9868-57a2d4851a1d" />
    <TestEntry testId="f3f8f937-4c7c-939b-ae77-fc501524ffbb" executionId="da9251c5-955e-47c1-9d0c-6649bf7cdc99" testListId="8c84fa94-04c1-424b-9868-57a2d4851a1d" />
    <TestEntry testId="f5116b98-dd2f-50c2-839b-71e219a68e4d" executionId="4d7cb9cb-56a7-431a-b107-5bcee2507a41" testListId="8c84fa94-04c1-424b-9868-57a2d4851a1d" />
    <TestEntry testId="f7826c58-01e2-4c82-f47f-08228e891502" executionId="41ffb767-1788-40f2-8efa-e527a118185c" testListId="8c84fa94-04c1-424b-9868-57a2d4851a1d" />
    <TestEntry testId="fceb51c8-60ab-9dba-9bc5-68eec453d8bc" executionId="88965073-b11d-4767-bc20-62ba41a62783" testListId="8c84fa94-04c1-424b-9868-57a2d4851a1d" />
    <TestEntry testId="fe9a4a1b-3bca-343b-6c6c-7b9a9abb113f" executionId="6ec13c10-ec10-45ba-9ec4-625e11533747" testListId="8c84fa94-04c1-424b-9868-57a2d4851a1d" />
  </TestEntries>
  <Results>
    <UnitTestResult executionId="73680c7c-7965-48de-b6b9-68bd394089b7" testId="0a828938-db60-83a2-bc54-b0d9d2623a89" testName="ReadAllProductTest" computerName="BOB-SQUAWK" duration="00:00:00.0350419" startTime="2012-08-30T03:22:55.2360000-07:00" endTime="2012-08-30T03:22:55.5510000-07:00" testType="13cdc9d9-ddb5-4fa4-a97d-d965ccfc6d4b" outcome="Passed" testListId="8c84fa94-04c1-424b-9868-57a2d4851a1d" relativeResultsDirectory="73680c7c-7965-48de-b6b9-68bd394089b7">
    </UnitTestResult>
    <UnitTestResult executionId="5437c13d-92b4-49c1-b92f-38e6fb2e2167" testId="1381d89d-e61a-d0f1-323e-009145c998cd" testName="CreateProductColorErrorTest" computerName="BOB-SQUAWK" duration="00:00:00.0415591" startTime="2012-08-30T03:22:55.5730000-07:00" endTime="2012-08-30T03:22:55.6410000-07:00" testType="13cdc9d9-ddb5-4fa4-a97d-d965ccfc6d4b" outcome="Passed" testListId="8c84fa94-04c1-424b-9868-57a2d4851a1d" relativeResultsDirectory="5437c13d-92b4-49c1-b92f-38e6fb2e2167">
    </UnitTestResult>
    <UnitTestResult executionId="50ab019d-0838-47c3-a706-43324a28d91c" testId="158d2d91-82ad-445a-f6d1-cade85604603" testName="CreateUserTest" computerName="BOB-SQUAWK" duration="00:00:00.0309134" startTime="2012-08-30T03:22:55.6460000-07:00" endTime="2012-08-30T03:22:55.6920000-07:00" testType="13cdc9d9-ddb5-4fa4-a97d-d965ccfc6d4b" outcome="Passed" testListId="8c84fa94-04c1-424b-9868-57a2d4851a1d" relativeResultsDirectory="50ab019d-0838-47c3-a706-43324a28d91c">
      <Output>
        <StdOut>214</StdOut>
      </Output>
    </UnitTestResult>
    <UnitTestResult executionId="311a8457-0e42-4f53-b593-643641175d70" testId="17a47e80-72b2-0437-6c34-884341a72cbe" testName="UpdateProductVariationInfoTest" computerName="BOB-SQUAWK" duration="00:00:00.0290549" startTime="2012-08-30T03:22:55.7100000-07:00" endTime="2012-08-30T03:22:55.7670000-07:00" testType="13cdc9d9-ddb5-4fa4-a97d-d965ccfc6d4b" outcome="Passed" testListId="8c84fa94-04c1-424b-9868-57a2d4851a1d" relativeResultsDirectory="311a8457-0e42-4f53-b593-643641175d70">
    </UnitTestResult>
    <UnitTestResult executionId="8e62650d-12ae-4b6d-bb5d-3506f92ad8a7" testId="1b544148-93f6-a7fe-ec0a-e48ebd3d2844" testName="ReadOrderTest" computerName="BOB-SQUAWK" duration="00:00:00.0153307" startTime="2012-08-30T03:22:55.7730000-07:00" endTime="2012-08-30T03:22:55.7970000-07:00" testType="13cdc9d9-ddb5-4fa4-a97d-d965ccfc6d4b" outcome="Passed" testListId="8c84fa94-04c1-424b-9868-57a2d4851a1d" relativeResultsDirectory="8e62650d-12ae-4b6d-bb5d-3506f92ad8a7">
    </UnitTestResult>
    <UnitTestResult executionId="327f85bd-526b-4460-9021-687e63134963" testId="1e60bab5-dba5-e699-f6b8-0811bd4de6e3" testName="CreateProductTypeTest" computerName="BOB-SQUAWK" duration="00:00:00.0239282" startTime="2012-08-30T03:22:55.8100000-07:00" endTime="2012-08-30T03:22:55.8370000-07:00" testType="13cdc9d9-ddb5-4fa4-a97d-d965ccfc6d4b" outcome="Passed" testListId="8c84fa94-04c1-424b-9868-57a2d4851a1d" relativeResultsDirectory="327f85bd-526b-4460-9021-687e63134963">
    </UnitTestResult>
    <UnitTestResult executionId="fed9fd8d-6e59-4d98-8a22-66b5341e1c9f" testId="1f1e50dc-302d-5d54-d1b6-de3ac7cc0579" testName="CreateBrandNullErrorTest" computerName="BOB-SQUAWK" duration="00:00:00.0010427" startTime="2012-08-30T03:22:55.8400000-07:00" endTime="2012-08-30T03:22:55.8490000-07:00" testType="13cdc9d9-ddb5-4fa4-a97d-d965ccfc6d4b" outcome="Passed" testListId="8c84fa94-04c1-424b-9868-57a2d4851a1d" relativeResultsDirectory="fed9fd8d-6e59-4d98-8a22-66b5341e1c9f">
    </UnitTestResult>
    <UnitTestResult executionId="96aae078-01c3-4532-b72a-29136de35131" testId="2c820968-7c91-03d3-a299-ef437a4adae9" testName="CreateProductVariationErrorTest" computerName="BOB-SQUAWK" duration="00:00:00.0125302" startTime="2012-08-30T03:22:55.8500000-07:00" endTime="2012-08-30T03:22:55.8690000-07:00" testType="13cdc9d9-ddb5-4fa4-a97d-d965ccfc6d4b" outcome="Passed" testListId="8c84fa94-04c1-424b-9868-57a2d4851a1d" relativeResultsDirectory="96aae078-01c3-4532-b72a-29136de35131">
      <Output>
        <DebugTrace>THIS IS THE PID:111
</DebugTrace>
      </Output>
    </UnitTestResult>
    <UnitTestResult executionId="f5a1a84f-9b81-4961-ba6e-7a455717e20c" testId="2ce09c11-f985-d871-f593-05b3d3bf012b" testName="ReadOrderItemsTest" computerName="BOB-SQUAWK" duration="00:00:00.0097194" startTime="2012-08-30T03:22:55.8700000-07:00" endTime="2012-08-30T03:22:55.8850000-07:00" testType="13cdc9d9-ddb5-4fa4-a97d-d965ccfc6d4b" outcome="Passed" testListId="8c84fa94-04c1-424b-9868-57a2d4851a1d" relativeResultsDirectory="f5a1a84f-9b81-4961-ba6e-7a455717e20c">
    </UnitTestResult>
    <UnitTestResult executionId="db09e187-0af5-458f-85ce-84ab096bc935" testId="2de277d9-37a5-c97d-c930-1d6c85ec007a" testName="ProductCuttingUpdateErrorTest" computerName="BOB-SQUAWK" duration="00:00:00.0124213" startTime="2012-08-30T03:22:55.8880000-07:00" endTime="2012-08-30T03:22:55.9160000-07:00" testType="13cdc9d9-ddb5-4fa4-a97d-d965ccfc6d4b" outcome="Passed" testListId="8c84fa94-04c1-424b-9868-57a2d4851a1d" relativeResultsDirectory="db09e187-0af5-458f-85ce-84ab096bc935">
    </UnitTestResult>
    <UnitTestResult executionId="ca670fb6-cffe-471b-af72-a0f8ead62cf4" testId="306047c5-8044-ee12-21be-5249fd0ab8bc" testName="CreateProductColorTest" computerName="BOB-SQUAWK" duration="00:00:00.0088363" startTime="2012-08-30T03:22:55.9180000-07:00" endTime="2012-08-30T03:22:55.9320000-07:00" testType="13cdc9d9-ddb5-4fa4-a97d-d965ccfc6d4b" outcome="Passed" testListId="8c84fa94-04c1-424b-9868-57a2d4851a1d" relativeResultsDirectory="ca670fb6-cffe-471b-af72-a0f8ead62cf4">
      <Output>
        <DebugTrace>RESULT:111
RESULT:111
RESULT:Sanrio Pink 80
</DebugTrace>
      </Output>
    </UnitTestResult>
    <UnitTestResult executionId="4a621f08-025f-4768-a015-60b35527695e" testId="32befc5b-2805-679f-e132-a2c900e50a08" testName="CreatePVTest" computerName="BOB-SQUAWK" duration="00:00:00.0249267" startTime="2012-08-30T03:22:55.9350000-07:00" endTime="2012-08-30T03:22:55.9640000-07:00" testType="13cdc9d9-ddb5-4fa4-a97d-d965ccfc6d4b" outcome="Passed" testListId="8c84fa94-04c1-424b-9868-57a2d4851a1d" relativeResultsDirectory="4a621f08-025f-4768-a015-60b35527695e">
      <Output>
        <DebugTrace>THIS IS THE PID:1
</DebugTrace>
      </Output>
    </UnitTestResult>
    <UnitTestResult executionId="16748c9a-2814-48e6-b4fd-affe57f953db" testId="4068bac0-9c67-8bcf-fe66-d8581e88d686" testName="CreateProductCuttingTest" computerName="BOB-SQUAWK" duration="00:00:00.0497121" startTime="2012-08-30T03:22:55.9770000-07:00" endTime="2012-08-30T03:22:56.0500000-07:00" testType="13cdc9d9-ddb5-4fa4-a97d-d965ccfc6d4b" outcome="Passed" testListId="8c84fa94-04c1-424b-9868-57a2d4851a1d" relativeResultsDirectory="16748c9a-2814-48e6-b4fd-affe57f953db">
    </UnitTestResult>
    <UnitTestResult executionId="cc33e239-f0d5-4dbe-911d-92352d19b1ae" testId="44c316ef-e570-09f1-f2c1-54180c893f98" testName="ReadAllBrandTest" computerName="BOB-SQUAWK" duration="00:00:00.0640988" startTime="2012-08-30T03:22:56.0870000-07:00" endTime="2012-08-30T03:22:56.1930000-07:00" testType="13cdc9d9-ddb5-4fa4-a97d-d965ccfc6d4b" outcome="Passed" testListId="8c84fa94-04c1-424b-9868-57a2d4851a1d" relativeResultsDirectory="cc33e239-f0d5-4dbe-911d-92352d19b1ae">
    </UnitTestResult>
    <UnitTestResult executionId="f5232a02-a696-4c10-b500-742dda43d051" testId="493a7605-2b5d-6b34-77c0-38590edb775c" testName="DeleteOrderTest" computerName="BOB-SQUAWK" duration="00:00:00.0012377" startTime="2012-08-30T03:22:56.2140000-07:00" endTime="2012-08-30T03:22:56.2290000-07:00" testType="13cdc9d9-ddb5-4fa4-a97d-d965ccfc6d4b" outcome="Passed" testListId="8c84fa94-04c1-424b-9868-57a2d4851a1d" relativeResultsDirectory="f5232a02-a696-4c10-b500-742dda43d051">
    </UnitTestResult>
    <UnitTestResult executionId="c79566f8-5050-45d4-b520-727c1b266763" testId="4984de8b-0f11-84fe-96e4-b08c00e8db25" testName="CreateProductErrorTest" computerName="BOB-SQUAWK" duration="00:00:00.1129851" startTime="2012-08-30T03:22:56.2320000-07:00" endTime="2012-08-30T03:22:56.3980000-07:00" testType="13cdc9d9-ddb5-4fa4-a97d-d965ccfc6d4b" outcome="Passed" testListId="8c84fa94-04c1-424b-9868-57a2d4851a1d" relativeResultsDirectory="c79566f8-5050-45d4-b520-727c1b266763">
    </UnitTestResult>
    <UnitTestResult executionId="1e0568ad-d3d8-4eac-b3d2-b241beb4e76a" testId="51e7e7bf-6ccc-542c-0d91-d03ec1c8332e" testName="DeleteProductVariationInfoTest" computerName="BOB-SQUAWK" duration="00:00:00.0417882" startTime="2012-08-30T03:22:56.3990000-07:00" endTime="2012-08-30T03:22:56.4590000-07:00" testType="13cdc9d9-ddb5-4fa4-a97d-d965ccfc6d4b" outcome="Passed" testListId="8c84fa94-04c1-424b-9868-57a2d4851a1d" relativeResultsDirectory="1e0568ad-d3d8-4eac-b3d2-b241beb4e76a">
      <Output>
        <DebugTrace>THIS IS THE PID:1
</DebugTrace>
      </Output>
    </UnitTestResult>
    <UnitTestResult executionId="075e144e-8869-4fdf-9f5a-841130d0461e" testId="527f0874-7efa-38fb-4cdb-7845b6fdc52f" testName="ReadAllProductTypeTest" computerName="BOB-SQUAWK" duration="00:00:00.0035074" startTime="2012-08-30T03:22:56.4640000-07:00" endTime="2012-08-30T03:22:56.4750000-07:00" testType="13cdc9d9-ddb5-4fa4-a97d-d965ccfc6d4b" outcome="Passed" testListId="8c84fa94-04c1-424b-9868-57a2d4851a1d" relativeResultsDirectory="075e144e-8869-4fdf-9f5a-841130d0461e">
    </UnitTestResult>
    <UnitTestResult executionId="2227191f-925b-481f-9c0f-aff46c1a5ad9" testId="53956050-dfb2-bc6f-a53b-1e274204bdd8" testName="ReadAllProductColorTest" computerName="BOB-SQUAWK" duration="00:00:00.0032522" startTime="2012-08-30T03:22:56.4770000-07:00" endTime="2012-08-30T03:22:56.4850000-07:00" testType="13cdc9d9-ddb5-4fa4-a97d-d965ccfc6d4b" outcome="Passed" testListId="8c84fa94-04c1-424b-9868-57a2d4851a1d" relativeResultsDirectory="2227191f-925b-481f-9c0f-aff46c1a5ad9">
    </UnitTestResult>
    <UnitTestResult executionId="07136d7c-7bd0-4dac-8004-25686bd51ad3" testId="6567eec0-603e-0c1c-b63c-38e9a20c4df4" testName="ReadAllProductCuttingTest" computerName="BOB-SQUAWK" duration="00:00:00.0101448" startTime="2012-08-30T03:22:56.4860000-07:00" endTime="2012-08-30T03:22:56.5130000-07:00" testType="13cdc9d9-ddb5-4fa4-a97d-d965ccfc6d4b" outcome="Passed" testListId="8c84fa94-04c1-424b-9868-57a2d4851a1d" relativeResultsDirectory="07136d7c-7bd0-4dac-8004-25686bd51ad3">
    </UnitTestResult>
    <UnitTestResult executionId="66f62fda-a4c4-489e-ad1f-8d3d5c326d9e" testId="6724fe7d-3a6e-82e1-5e9c-bfae58cb851f" testName="UpdateBrandTest" computerName="BOB-SQUAWK" duration="00:00:00.0057006" startTime="2012-08-30T03:22:56.5160000-07:00" endTime="2012-08-30T03:22:56.5260000-07:00" testType="13cdc9d9-ddb5-4fa4-a97d-d965ccfc6d4b" outcome="Passed" testListId="8c84fa94-04c1-424b-9868-57a2d4851a1d" relativeResultsDirectory="66f62fda-a4c4-489e-ad1f-8d3d5c326d9e">
    </UnitTestResult>
    <UnitTestResult executionId="ed3d0ff9-5ecf-4871-bd9a-da34afc6b0e6" testId="72a23555-32b2-8606-9cd7-3ffb7f93b94d" testName="CreateProductColorNullErrorTest" computerName="BOB-SQUAWK" duration="00:00:00.0088542" startTime="2012-08-30T03:22:56.5440000-07:00" endTime="2012-08-30T03:22:56.5850000-07:00" testType="13cdc9d9-ddb5-4fa4-a97d-d965ccfc6d4b" outcome="Passed" testListId="8c84fa94-04c1-424b-9868-57a2d4851a1d" relativeResultsDirectory="ed3d0ff9-5ecf-4871-bd9a-da34afc6b0e6">
    </UnitTestResult>
    <UnitTestResult executionId="8a9da2e9-fa6f-428e-aed4-c989d2da8549" testId="73a2a41e-edaf-9b15-53d0-e9a56dfdd209" testName="UpdateOrderTest" computerName="BOB-SQUAWK" duration="00:00:00.0759709" startTime="2012-08-30T03:22:56.6440000-07:00" endTime="2012-08-30T03:22:56.7590000-07:00" testType="13cdc9d9-ddb5-4fa4-a97d-d965ccfc6d4b" outcome="Passed" testListId="8c84fa94-04c1-424b-9868-57a2d4851a1d" relativeResultsDirectory="8a9da2e9-fa6f-428e-aed4-c989d2da8549">
    </UnitTestResult>
    <UnitTestResult executionId="5d9e04bd-ff45-42aa-9250-66f9d12fecae" testId="749e2125-91f3-366c-3cc9-5d757c5d89fc" testName="UpdateProductTypeTest" computerName="BOB-SQUAWK" duration="00:00:00.0277716" startTime="2012-08-30T03:22:56.7790000-07:00" endTime="2012-08-30T03:22:56.8160000-07:00" testType="13cdc9d9-ddb5-4fa4-a97d-d965ccfc6d4b" outcome="Passed" testListId="8c84fa94-04c1-424b-9868-57a2d4851a1d" relativeResultsDirectory="5d9e04bd-ff45-42aa-9250-66f9d12fecae">
    </UnitTestResult>
    <UnitTestResult executionId="31f46c52-5c7c-4086-8782-090f9767b060" testId="7c829374-b2b7-a64c-0106-8a1c527f9eee" testName="CreateProductTypeNullErrorTest" computerName="BOB-SQUAWK" duration="00:00:00.0038173" startTime="2012-08-30T03:22:56.8290000-07:00" endTime="2012-08-30T03:22:56.8400000-07:00" testType="13cdc9d9-ddb5-4fa4-a97d-d965ccfc6d4b" outcome="Passed" testListId="8c84fa94-04c1-424b-9868-57a2d4851a1d" relativeResultsDirectory="31f46c52-5c7c-4086-8782-090f9767b060">
    </UnitTestResult>
    <UnitTestResult executionId="11188913-b1bf-4e4d-a51f-58e7fc89cabd" testId="83def0be-13ed-eb0c-cf34-39cb5d72d47e" testName="ReadAllPVTest" computerName="BOB-SQUAWK" duration="00:00:00.0110369" startTime="2012-08-30T03:22:56.8410000-07:00" endTime="2012-08-30T03:22:56.8570000-07:00" testType="13cdc9d9-ddb5-4fa4-a97d-d965ccfc6d4b" outcome="Passed" testListId="8c84fa94-04c1-424b-9868-57a2d4851a1d" relativeResultsDirectory="11188913-b1bf-4e4d-a51f-58e7fc89cabd">
    </UnitTestResult>
    <UnitTestResult executionId="34363420-ddf6-4119-b40d-23f242586a31" testId="8440b3dd-4629-ecb3-bea3-283361475284" testName="CreateBrandErrorTest" computerName="BOB-SQUAWK" duration="00:00:00.0050458" startTime="2012-08-30T03:22:56.8610000-07:00" endTime="2012-08-30T03:22:56.8760000-07:00" testType="13cdc9d9-ddb5-4fa4-a97d-d965ccfc6d4b" outcome="Passed" testListId="8c84fa94-04c1-424b-9868-57a2d4851a1d" relativeResultsDirectory="34363420-ddf6-4119-b40d-23f242586a31">
    </UnitTestResult>
    <UnitTestResult executionId="f2fdb4ee-0d46-4253-bbbe-93099dbc4dad" testId="87cd62b0-6032-0378-4d78-97f7b2cf2151" testName="ProductTypeReadErrorTest" computerName="BOB-SQUAWK" duration="00:00:00.0028444" startTime="2012-08-30T03:22:56.8790000-07:00" endTime="2012-08-30T03:22:56.8890000-07:00" testType="13cdc9d9-ddb5-4fa4-a97d-d965ccfc6d4b" outcome="Passed" testListId="8c84fa94-04c1-424b-9868-57a2d4851a1d" relativeResultsDirectory="f2fdb4ee-0d46-4253-bbbe-93099dbc4dad">
    </UnitTestResult>
    <UnitTestResult executionId="60df4079-543c-450d-8345-9e47ffb0efc3" testId="886bee7d-d334-dfe7-c238-7453c4d49aba" testName="DeleteOrderItemTest" computerName="BOB-SQUAWK" duration="00:00:00.0025023" startTime="2012-08-30T03:22:56.8920000-07:00" endTime="2012-08-30T03:22:56.9180000-07:00" testType="13cdc9d9-ddb5-4fa4-a97d-d965ccfc6d4b" outcome="Passed" testListId="8c84fa94-04c1-424b-9868-57a2d4851a1d" relativeResultsDirectory="60df4079-543c-450d-8345-9e47ffb0efc3">
    </UnitTestResult>
    <UnitTestResult executionId="498545ea-e0d9-4565-b292-37bb592e0618" testId="8ddb55d2-cc76-8371-0cab-349758d0faba" testName="ProductVariationUpdateErrorTest" computerName="BOB-SQUAWK" duration="00:00:00.0109605" startTime="2012-08-30T03:22:56.9190000-07:00" endTime="2012-08-30T03:22:56.9360000-07:00" testType="13cdc9d9-ddb5-4fa4-a97d-d965ccfc6d4b" outcome="Passed" testListId="8c84fa94-04c1-424b-9868-57a2d4851a1d" relativeResultsDirectory="498545ea-e0d9-4565-b292-37bb592e0618">
    </UnitTestResult>
    <UnitTestResult executionId="aa4d7896-1ecc-4caa-bc54-9da2e97b7508" testId="906cdd9a-e41c-b869-1786-a4ffe476ad69" testName="CreateProductCuttingErrorTest" computerName="BOB-SQUAWK" duration="00:00:00.0100396" startTime="2012-08-30T03:22:56.9370000-07:00" endTime="2012-08-30T03:22:56.9520000-07:00" testType="13cdc9d9-ddb5-4fa4-a97d-d965ccfc6d4b" outcome="Passed" testListId="8c84fa94-04c1-424b-9868-57a2d4851a1d" relativeResultsDirectory="aa4d7896-1ecc-4caa-bc54-9da2e97b7508">
    </UnitTestResult>
    <UnitTestResult executionId="00561d28-cb74-41f9-bde2-40f0168fab48" testId="924a726f-7065-3789-c891-f57af25f387b" testName="DeleteUserTest" computerName="BOB-SQUAWK" duration="00:00:00.0005106" startTime="2012-08-30T03:22:56.9540000-07:00" endTime="2012-08-30T03:22:56.9580000-07:00" testType="13cdc9d9-ddb5-4fa4-a97d-d965ccfc6d4b" outcome="Passed" testListId="8c84fa94-04c1-424b-9868-57a2d4851a1d" relativeResultsDirectory="00561d28-cb74-41f9-bde2-40f0168fab48">
    </UnitTestResult>
    <UnitTestResult executionId="65d38eb5-85ed-4a68-a72f-05b4577d5c88" testId="9ab46af0-2743-cf89-1d6c-179a016f19ed" testName="UpdateOrderItemTest" computerName="BOB-SQUAWK" duration="00:00:00.0051185" startTime="2012-08-30T03:22:56.9600000-07:00" endTime="2012-08-30T03:22:56.9730000-07:00" testType="13cdc9d9-ddb5-4fa4-a97d-d965ccfc6d4b" outcome="Passed" testListId="8c84fa94-04c1-424b-9868-57a2d4851a1d" relativeResultsDirectory="65d38eb5-85ed-4a68-a72f-05b4577d5c88">
    </UnitTestResult>
    <UnitTestResult executionId="d6e21015-4595-45d0-8d2f-0a08f28a469e" testId="9cf39b8e-04c2-b861-736b-953b0b495874" testName="ProductColorUpdateErrorTest" computerName="BOB-SQUAWK" duration="00:00:00.0050258" startTime="2012-08-30T03:22:56.9750000-07:00" endTime="2012-08-30T03:22:56.9890000-07:00" testType="13cdc9d9-ddb5-4fa4-a97d-d965ccfc6d4b" outcome="Passed" testListId="8c84fa94-04c1-424b-9868-57a2d4851a1d" relativeResultsDirectory="d6e21015-4595-45d0-8d2f-0a08f28a469e">
    </UnitTestResult>
    <UnitTestResult executionId="d217291b-d2ce-4bed-9cd1-f90845086d1e" testId="a1263318-9a7b-fd6c-9b9f-3e717746b915" testName="ReadCustomerListTest" computerName="BOB-SQUAWK" duration="00:00:00.0098003" startTime="2012-08-30T03:22:56.9930000-07:00" endTime="2012-08-30T03:22:57.0090000-07:00" testType="13cdc9d9-ddb5-4fa4-a97d-d965ccfc6d4b" outcome="Passed" testListId="8c84fa94-04c1-424b-9868-57a2d4851a1d" relativeResultsDirectory="d217291b-d2ce-4bed-9cd1-f90845086d1e">
    </UnitTestResult>
    <UnitTestResult executionId="3265cb1c-8151-40c3-90fd-068619c856da" testId="a371c641-f9b0-857d-8d7a-ba50f3ebff43" testName="ProductColorReadErrorTest" computerName="BOB-SQUAWK" duration="00:00:00.0054004" startTime="2012-08-30T03:22:57.0170000-07:00" endTime="2012-08-30T03:22:57.0280000-07:00" testType="13cdc9d9-ddb5-4fa4-a97d-d965ccfc6d4b" outcome="Passed" testListId="8c84fa94-04c1-424b-9868-57a2d4851a1d" relativeResultsDirectory="3265cb1c-8151-40c3-90fd-068619c856da">
    </UnitTestResult>
    <UnitTestResult executionId="a796178e-bedf-4cad-a9ab-1055ea94208a" testId="a5af5316-0907-aef9-72aa-1e7958fc3974" testName="CreateProductTest" computerName="BOB-SQUAWK" duration="00:00:00.0379534" startTime="2012-08-30T03:22:57.0900000-07:00" endTime="2012-08-30T03:22:57.2320000-07:00" testType="13cdc9d9-ddb5-4fa4-a97d-d965ccfc6d4b" outcome="Passed" testListId="8c84fa94-04c1-424b-9868-57a2d4851a1d" relativeResultsDirectory="a796178e-bedf-4cad-a9ab-1055ea94208a">
    </UnitTestResult>
    <UnitTestResult executionId="9c18503e-90fa-4cda-9bdf-56dd08a6f356" testId="a7d7b29b-200e-e950-acdb-f74fb0c8329a" testName="ProductVariationDeleteErrorTest" computerName="BOB-SQUAWK" duration="00:00:00.0386618" startTime="2012-08-30T03:22:57.2360000-07:00" endTime="2012-08-30T03:22:57.2890000-07:00" testType="13cdc9d9-ddb5-4fa4-a97d-d965ccfc6d4b" outcome="Passed" testListId="8c84fa94-04c1-424b-9868-57a2d4851a1d" relativeResultsDirectory="9c18503e-90fa-4cda-9bdf-56dd08a6f356">
      <Output>
        <StdOut>id: 273</StdOut>
        <DebugTrace>THIS IS THE PID:1
THIS IS THE ERROR: System.Data.SqlClient.SqlException (0x80131904): Error while trying to delete a product variation. Product variation id does not exist
   at System.Data.SqlClient.SqlConnection.OnError(SqlException exception, Boolean breakConnection)
   at System.Data.SqlClient.SqlInternalConnection.OnError(SqlException exception, Boolean breakConnection)
   at System.Data.SqlClient.TdsParser.ThrowExceptionAndWarning()
   at System.Data.SqlClient.TdsParser.Run(RunBehavior runBehavior, SqlCommand cmdHandler, SqlDataReader dataStream, BulkCopySimpleResultSet bulkCopyHandler, TdsParserStateObject stateObj)
   at System.Data.SqlClient.SqlDataReader.ConsumeMetaData()
   at System.Data.SqlClient.SqlDataReader.get_MetaData()
   at System.Data.SqlClient.SqlCommand.FinishExecuteReader(SqlDataReader ds, RunBehavior runBehavior, String resetOptionsString)
   at System.Data.SqlClient.SqlCommand.RunExecuteReaderTds(CommandBehavior cmdBehavior, RunBehavior runBehavior, Boolean returnStream, Boolean async)
   at System.Data.SqlClient.SqlCommand.RunExecuteReader(CommandBehavior cmdBehavior, RunBehavior runBehavior, Boolean returnStream, String method, DbAsyncResult result)
   at System.Data.SqlClient.SqlCommand.RunExecuteReader(CommandBehavior cmdBehavior, RunBehavior runBehavior, Boolean returnStream, String method)
   at System.Data.SqlClient.SqlCommand.ExecuteReader(CommandBehavior behavior, String method)
   at System.Data.SqlClient.SqlCommand.ExecuteDbDataReader(CommandBehavior behavior)
   at System.Data.Common.DbCommand.System.Data.IDbCommand.ExecuteReader(CommandBehavior behavior)
   at System.Data.Common.DbDataAdapter.FillInternal(DataSet dataset, DataTable[] datatables, Int32 startRecord, Int32 maxRecords, String srcTable, IDbCommand command, CommandBehavior behavior)
   at System.Data.Common.DbDataAdapter.Fill(DataSet dataSet, Int32 startRecord, Int32 maxRecords, String srcTable, IDbCommand command, CommandBehavior behavior)
   at System.Data.Common.DbDataAdapter.Fill(DataSet dataSet)
   at DAL.DALProductVariationInfo.DeleteProductVariationInfo(Int32 product_variation_id, List`1&amp; errors) in C:\Users\bob\Desktop\cse136_hw3\cse136\DALProductVariation.cs:line 233</DebugTrace>
      </Output>
    </UnitTestResult>
    <UnitTestResult executionId="02d7d230-7f83-40f5-8b6a-59b75d9069ff" testId="a91e9ed3-5646-12d6-93c6-af2db48c7e59" testName="ProductReadErrorTest" computerName="BOB-SQUAWK" duration="00:00:00.0061808" startTime="2012-08-30T03:22:57.2920000-07:00" endTime="2012-08-30T03:22:57.3310000-07:00" testType="13cdc9d9-ddb5-4fa4-a97d-d965ccfc6d4b" outcome="Passed" testListId="8c84fa94-04c1-424b-9868-57a2d4851a1d" relativeResultsDirectory="02d7d230-7f83-40f5-8b6a-59b75d9069ff">
    </UnitTestResult>
    <UnitTestResult executionId="a4c10329-b42c-48ef-ac33-b9eca6961c47" testId="ad76f5b9-eef6-7da3-02e0-bcb403ffa630" testName="UpdateProductCuttingTest" computerName="BOB-SQUAWK" duration="00:00:00.0096016" startTime="2012-08-30T03:22:57.3380000-07:00" endTime="2012-08-30T03:22:57.3520000-07:00" testType="13cdc9d9-ddb5-4fa4-a97d-d965ccfc6d4b" outcome="Passed" testListId="8c84fa94-04c1-424b-9868-57a2d4851a1d" relativeResultsDirectory="a4c10329-b42c-48ef-ac33-b9eca6961c47">
    </UnitTestResult>
    <UnitTestResult executionId="3a406a5b-af46-4b84-a090-524d5a679d2b" testId="b22f890b-2fb2-8bc9-6072-6c13741d1a72" testName="ProductCuttingReadErrorTest" computerName="BOB-SQUAWK" duration="00:00:00.0061056" startTime="2012-08-30T03:22:57.3540000-07:00" endTime="2012-08-30T03:22:57.3680000-07:00" testType="13cdc9d9-ddb5-4fa4-a97d-d965ccfc6d4b" outcome="Passed" testListId="8c84fa94-04c1-424b-9868-57a2d4851a1d" relativeResultsDirectory="3a406a5b-af46-4b84-a090-524d5a679d2b">
    </UnitTestResult>
    <UnitTestResult executionId="940eb58a-7f7f-4acd-84aa-258d4d42fae3" testId="bdcd5694-6f47-8e9c-4f0a-b5a3d00cbbdc" testName="CreateProductCuttingNullErrorTest" computerName="BOB-SQUAWK" duration="00:00:00.0023163" startTime="2012-08-30T03:22:57.3700000-07:00" endTime="2012-08-30T03:22:57.3760000-07:00" testType="13cdc9d9-ddb5-4fa4-a97d-d965ccfc6d4b" outcome="Passed" testListId="8c84fa94-04c1-424b-9868-57a2d4851a1d" relativeResultsDirectory="940eb58a-7f7f-4acd-84aa-258d4d42fae3">
    </UnitTestResult>
    <UnitTestResult executionId="821522c6-fb6e-4235-a6d5-cbedc2d83de2" testId="bfb23467-9ed6-2af2-a378-dc1e9bbf5b26" testName="CreateProductTypeErrorTest" computerName="BOB-SQUAWK" duration="00:00:00.0070424" startTime="2012-08-30T03:22:57.3790000-07:00" endTime="2012-08-30T03:22:57.3920000-07:00" testType="13cdc9d9-ddb5-4fa4-a97d-d965ccfc6d4b" outcome="Passed" testListId="8c84fa94-04c1-424b-9868-57a2d4851a1d" relativeResultsDirectory="821522c6-fb6e-4235-a6d5-cbedc2d83de2">
    </UnitTestResult>
    <UnitTestResult executionId="58e0184e-244f-43e7-a81b-29412ea13106" testId="c64b361e-3205-0c95-c097-86cdfb42cda1" testName="UpdateUserTest" computerName="BOB-SQUAWK" duration="00:00:00.0084829" startTime="2012-08-30T03:22:57.3960000-07:00" endTime="2012-08-30T03:22:57.4220000-07:00" testType="13cdc9d9-ddb5-4fa4-a97d-d965ccfc6d4b" outcome="Passed" testListId="8c84fa94-04c1-424b-9868-57a2d4851a1d" relativeResultsDirectory="58e0184e-244f-43e7-a81b-29412ea13106">
    </UnitTestResult>
    <UnitTestResult executionId="d4c9643d-ebbf-4d35-832f-a23041f38f74" testId="c67b2499-e7a4-2b19-624b-77fbc4aeac92" testName="ProductTypeUpdateErrorTest" computerName="BOB-SQUAWK" duration="00:00:00.0041346" startTime="2012-08-30T03:22:57.4240000-07:00" endTime="2012-08-30T03:22:57.4370000-07:00" testType="13cdc9d9-ddb5-4fa4-a97d-d965ccfc6d4b" outcome="Passed" testListId="8c84fa94-04c1-424b-9868-57a2d4851a1d" relativeResultsDirectory="d4c9643d-ebbf-4d35-832f-a23041f38f74">
    </UnitTestResult>
    <UnitTestResult executionId="05b50477-2218-4b74-a20d-9d04955b6341" testId="c6b026e9-3960-4229-9874-a43b265d5ac5" testName="ProductUpdateErrorTest" computerName="BOB-SQUAWK" duration="00:00:00.0032266" startTime="2012-08-30T03:22:57.4390000-07:00" endTime="2012-08-30T03:22:57.4460000-07:00" testType="13cdc9d9-ddb5-4fa4-a97d-d965ccfc6d4b" outcome="Passed" testListId="8c84fa94-04c1-424b-9868-57a2d4851a1d" relativeResultsDirectory="05b50477-2218-4b74-a20d-9d04955b6341">
    </UnitTestResult>
    <UnitTestResult executionId="0eff4826-0cf3-4f4c-b1c5-118517820a7a" testId="cb576a10-2d92-ab9f-8fcd-b9bd7c8e4579" testName="ReadOrderItemTest" computerName="BOB-SQUAWK" duration="00:00:00.0033172" startTime="2012-08-30T03:22:57.4480000-07:00" endTime="2012-08-30T03:22:57.4560000-07:00" testType="13cdc9d9-ddb5-4fa4-a97d-d965ccfc6d4b" outcome="Passed" testListId="8c84fa94-04c1-424b-9868-57a2d4851a1d" relativeResultsDirectory="0eff4826-0cf3-4f4c-b1c5-118517820a7a">
    </UnitTestResult>
    <UnitTestResult executionId="57fbdd53-86d9-4279-9f3a-4110a8521379" testId="cc943512-d061-8a99-3a4a-22ce9199b189" testName="CreateOrderItemTest" computerName="BOB-SQUAWK" duration="00:00:00.0084955" startTime="2012-08-30T03:22:57.4660000-07:00" endTime="2012-08-30T03:22:57.4820000-07:00" testType="13cdc9d9-ddb5-4fa4-a97d-d965ccfc6d4b" outcome="Passed" testListId="8c84fa94-04c1-424b-9868-57a2d4851a1d" relativeResultsDirectory="57fbdd53-86d9-4279-9f3a-4110a8521379">
    </UnitTestResult>
    <UnitTestResult executionId="4bc3126a-372b-4235-8969-8250c85a2bbe" testId="cddde496-20c6-4b8e-d5cd-072a15f2fccb" testName="BrandReadErrorTest" computerName="BOB-SQUAWK" duration="00:00:00.0078284" startTime="2012-08-30T03:22:57.4840000-07:00" endTime="2012-08-30T03:22:57.5120000-07:00" testType="13cdc9d9-ddb5-4fa4-a97d-d965ccfc6d4b" outcome="Passed" testListId="8c84fa94-04c1-424b-9868-57a2d4851a1d" relativeResultsDirectory="4bc3126a-372b-4235-8969-8250c85a2bbe">
    </UnitTestResult>
    <UnitTestResult executionId="7334784d-a7f4-4f29-8703-d23fe2572f7b" testId="d2636e01-07d3-8d97-7e57-ab6725f5e972" testName="CreateProductNullErrorTest" computerName="BOB-SQUAWK" duration="00:00:00.0035179" startTime="2012-08-30T03:22:57.5210000-07:00" endTime="2012-08-30T03:22:57.5510000-07:00" testType="13cdc9d9-ddb5-4fa4-a97d-d965ccfc6d4b" outcome="Passed" testListId="8c84fa94-04c1-424b-9868-57a2d4851a1d" relativeResultsDirectory="7334784d-a7f4-4f29-8703-d23fe2572f7b">
    </UnitTestResult>
    <UnitTestResult executionId="cd03d2ae-2b9c-4be4-9236-4443fff0850d" testId="dc348301-aaee-9d57-e85e-e7bdc8bf9c91" testName="UpdateProductColorTest" computerName="BOB-SQUAWK" duration="00:00:00.1824934" startTime="2012-08-30T03:22:57.5610000-07:00" endTime="2012-08-30T03:22:57.7580000-07:00" testType="13cdc9d9-ddb5-4fa4-a97d-d965ccfc6d4b" outcome="Passed" testListId="8c84fa94-04c1-424b-9868-57a2d4851a1d" relativeResultsDirectory="cd03d2ae-2b9c-4be4-9236-4443fff0850d">
    </UnitTestResult>
    <UnitTestResult executionId="b6ca3fd3-7acc-42d6-ba73-02450e558594" testId="e838b5ac-738c-c97e-c3d6-f1fb0daa2370" testName="BrandUpdateErrorTest" computerName="BOB-SQUAWK" duration="00:00:00.0028533" startTime="2012-08-30T03:22:57.7640000-07:00" endTime="2012-08-30T03:22:57.7780000-07:00" testType="13cdc9d9-ddb5-4fa4-a97d-d965ccfc6d4b" outcome="Passed" testListId="8c84fa94-04c1-424b-9868-57a2d4851a1d" relativeResultsDirectory="b6ca3fd3-7acc-42d6-ba73-02450e558594">
    </UnitTestResult>
    <UnitTestResult executionId="ec0213c0-2b5c-471d-80c8-700e01331597" testId="ec9f8ac9-bbad-7904-9e27-a42604c75864" testName="UpdateCustomerTest" computerName="BOB-SQUAWK" duration="00:00:00.0080145" startTime="2012-08-30T03:22:57.7820000-07:00" endTime="2012-08-30T03:22:57.7960000-07:00" testType="13cdc9d9-ddb5-4fa4-a97d-d965ccfc6d4b" outcome="Passed" testListId="8c84fa94-04c1-424b-9868-57a2d4851a1d" relativeResultsDirectory="ec0213c0-2b5c-471d-80c8-700e01331597">
      <Output>
        <StdOut>1</StdOut>
      </Output>
    </UnitTestResult>
    <UnitTestResult executionId="da9251c5-955e-47c1-9d0c-6649bf7cdc99" testId="f3f8f937-4c7c-939b-ae77-fc501524ffbb" testName="ReadUserTest" computerName="BOB-SQUAWK" duration="00:00:00.0148648" startTime="2012-08-30T03:22:57.8000000-07:00" endTime="2012-08-30T03:22:57.8310000-07:00" testType="13cdc9d9-ddb5-4fa4-a97d-d965ccfc6d4b" outcome="Passed" testListId="8c84fa94-04c1-424b-9868-57a2d4851a1d" relativeResultsDirectory="da9251c5-955e-47c1-9d0c-6649bf7cdc99">
    </UnitTestResult>
    <UnitTestResult executionId="4d7cb9cb-56a7-431a-b107-5bcee2507a41" testId="f5116b98-dd2f-50c2-839b-71e219a68e4d" testName="CreateCustomerTest" computerName="BOB-SQUAWK" duration="00:00:00.0072333" startTime="2012-08-30T03:22:57.8350000-07:00" endTime="2012-08-30T03:22:57.8490000-07:00" testType="13cdc9d9-ddb5-4fa4-a97d-d965ccfc6d4b" outcome="Passed" testListId="8c84fa94-04c1-424b-9868-57a2d4851a1d" relativeResultsDirectory="4d7cb9cb-56a7-431a-b107-5bcee2507a41">
      <Output>
        <StdOut>1127</StdOut>
      </Output>
    </UnitTestResult>
    <UnitTestResult executionId="41ffb767-1788-40f2-8efa-e527a118185c" testId="f7826c58-01e2-4c82-f47f-08228e891502" testName="CreateBrandTest" computerName="BOB-SQUAWK" duration="00:00:00.0175317" startTime="2012-08-30T03:22:57.8520000-07:00" endTime="2012-08-30T03:22:57.8740000-07:00" testType="13cdc9d9-ddb5-4fa4-a97d-d965ccfc6d4b" outcome="Failed" testListId="8c84fa94-04c1-424b-9868-57a2d4851a1d" relativeResultsDirectory="41ffb767-1788-40f2-8efa-e527a118185c">
      <Output>
        <ErrorInfo>
          <Message>Assert.AreNotEqual failed. Expected any value except:&lt;-1&gt;. Actual:&lt;-1&gt;. </Message>
          <StackTrace>   at BLTest.BLBrandTest.CreateBrandTest() in C:\Users\bob\Desktop\cse136_hw3\BLTest\BLBrandTest.cs:line 59
</StackTrace>
        </ErrorInfo>
      </Output>
    </UnitTestResult>
    <UnitTestResult executionId="88965073-b11d-4767-bc20-62ba41a62783" testId="fceb51c8-60ab-9dba-9bc5-68eec453d8bc" testName="UpdateProductTest" computerName="BOB-SQUAWK" duration="00:00:00.0158446" startTime="2012-08-30T03:22:57.8760000-07:00" endTime="2012-08-30T03:22:57.9120000-07:00" testType="13cdc9d9-ddb5-4fa4-a97d-d965ccfc6d4b" outcome="Passed" testListId="8c84fa94-04c1-424b-9868-57a2d4851a1d" relativeResultsDirectory="88965073-b11d-4767-bc20-62ba41a62783">
    </UnitTestResult>
    <UnitTestResult executionId="6ec13c10-ec10-45ba-9ec4-625e11533747" testId="fe9a4a1b-3bca-343b-6c6c-7b9a9abb113f" testName="CreateOrderTest" computerName="BOB-SQUAWK" duration="00:00:00.0061584" startTime="2012-08-30T03:22:57.9140000-07:00" endTime="2012-08-30T03:22:57.9280000-07:00" testType="13cdc9d9-ddb5-4fa4-a97d-d965ccfc6d4b" outcome="Passed" testListId="8c84fa94-04c1-424b-9868-57a2d4851a1d" relativeResultsDirectory="6ec13c10-ec10-45ba-9ec4-625e11533747">
      <Output>
        <StdOut>Order cannot be null</StdOut>
      </Output>
    </UnitTestResult>
  </Results>
</TestRun>