<?xml version="1.0" encoding="UTF-8"?>
<TestRun id="38e6db66-f655-4220-8153-7cad852371fe" name="Louis@LOUIS-HP 2012-09-04 12:23:19" runUser="Louis-HP\Louis" xmlns="http://microsoft.com/schemas/VisualStudio/TeamTest/2010">
  <TestSettings name="Local" id="53e514f0-4a59-4535-81eb-4649f33ffbf9">
    <Description>These are default test settings for a local test run.</Description>
    <Deployment enabled="false" runDeploymentRoot="Louis_LOUIS-HP 2012-09-04 12_23_19">
      <DeploymentItem filename="C:\Users\Louis\Desktop\cs136_hw4\cse136_hw4\DomainModel\bin\Debug\DomainModel.dll" />
      <DeploymentItem filename="C:\Users\Louis\Desktop\cs136_hw4\cse136_hw4\cse136\bin\Debug\cse136.dll" />
    </Deployment>
    <Execution>
      <TestTypeSpecific />
      <AgentRule name="Execution Agents">
      </AgentRule>
    </Execution>
  </TestSettings>
  <Times creation="2012-09-04T12:23:19.4934842-07:00" queuing="2012-09-04T12:23:20.7515561-07:00" start="2012-09-04T12:23:20.8365610-07:00" finish="2012-09-04T12:23:21.6816093-07:00" />
  <ResultSummary outcome="Failed">
    <Counters total="1" executed="1" error="0" failed="1" timeout="0" aborted="0" inconclusive="0" passedButRunAborted="0" notRunnable="0" notExecuted="0" disconnected="0" warning="0" passed="0" completed="0" inProgress="0" pending="0" />
  </ResultSummary>
  <TestDefinitions>
    <UnitTest name="ReadAllPVTestWithCond" storage="c:\users\louis\desktop\cs136_hw4\cse136_hw4\daltest\bin\debug\daltest.dll" id="72127b69-612a-5069-7ee5-24e2fea4d757">
      <Execution id="c7046d85-49ee-4e8d-b5b7-50818ae290bd" />
      <TestMethod codeBase="C:/Users/Louis/Desktop/cs136_hw4/cse136_hw4/DALTest/bin/Debug/DALTest.DLL" adapterTypeName="Microsoft.VisualStudio.TestTools.TestTypes.Unit.UnitTestAdapter, Microsoft.VisualStudio.QualityTools.Tips.UnitTest.Adapter, Version=10.0.0.0, Culture=neutral, PublicKeyToken=b03f5f7f11d50a3a" className="DALTest.DALProductVariationInfoTest, DALTest, Version=1.0.0.0, Culture=neutral, PublicKeyToken=null" name="ReadAllPVTestWithCond" />
    </UnitTest>
  </TestDefinitions>
  <TestLists>
    <TestList name="Results Not in a List" id="8c84fa94-04c1-424b-9868-57a2d4851a1d" />
    <TestList name="All Loaded Results" id="19431567-8539-422a-85d7-44ee4e166bda" />
  </TestLists>
  <TestEntries>
    <TestEntry testId="72127b69-612a-5069-7ee5-24e2fea4d757" executionId="c7046d85-49ee-4e8d-b5b7-50818ae290bd" testListId="8c84fa94-04c1-424b-9868-57a2d4851a1d" />
  </TestEntries>
  <Results>
    <UnitTestResult executionId="c7046d85-49ee-4e8d-b5b7-50818ae290bd" testId="72127b69-612a-5069-7ee5-24e2fea4d757" testName="ReadAllPVTestWithCond" computerName="LOUIS-HP" duration="00:00:00.2644190" startTime="2012-09-04T12:23:20.8775634-07:00" endTime="2012-09-04T12:23:21.6366068-07:00" testType="13cdc9d9-ddb5-4fa4-a97d-d965ccfc6d4b" outcome="Failed" testListId="8c84fa94-04c1-424b-9868-57a2d4851a1d" relativeResultsDirectory="c7046d85-49ee-4e8d-b5b7-50818ae290bd">
      <Output>
        <ErrorInfo>
          <Message>Assert.AreEqual failed. Expected:&lt;2&gt;. Actual:&lt;0&gt;. </Message>
          <StackTrace>   at DALTest.DALProductVariationInfoTest.ReadAllPVTestWithCond() in C:\Users\Louis\Desktop\cs136_hw4\cse136_hw4\DALTest\DALProductVariationInfoTest.cs:line 200
</StackTrace>
        </ErrorInfo>
      </Output>
    </UnitTestResult>
  </Results>
</TestRun>