<?xml version="1.0" encoding="UTF-8"?>
<TestRun id="7f5aa132-b48b-451b-b203-10b06eb131a1" name="Louis@LOUIS-HP 2012-09-04 14:04:37" runUser="Louis-HP\Louis" xmlns="http://microsoft.com/schemas/VisualStudio/TeamTest/2010">
  <TestSettings name="Local" id="53e514f0-4a59-4535-81eb-4649f33ffbf9">
    <Description>These are default test settings for a local test run.</Description>
    <Deployment enabled="false" runDeploymentRoot="Louis_LOUIS-HP 2012-09-04 14_04_37">
      <DeploymentItem filename="C:\Users\Louis\Desktop\cs136_hw4\cse136_hw4\DomainModel\bin\Debug\DomainModel.dll" />
      <DeploymentItem filename="C:\Users\Louis\Desktop\cs136_hw4\cse136_hw4\cse136\bin\Debug\cse136.dll" />
    </Deployment>
    <Execution>
      <TestTypeSpecific />
      <AgentRule name="Execution Agents">
      </AgentRule>
    </Execution>
  </TestSettings>
  <Times creation="2012-09-04T14:04:37.4111156-07:00" queuing="2012-09-04T14:04:37.9711476-07:00" start="2012-09-04T14:04:38.0301510-07:00" finish="2012-09-04T14:04:38.6681875-07:00" />
  <ResultSummary outcome="Failed">
    <Counters total="1" executed="1" error="0" failed="1" timeout="0" aborted="0" inconclusive="0" passedButRunAborted="0" notRunnable="0" notExecuted="0" disconnected="0" warning="0" passed="0" completed="0" inProgress="0" pending="0" />
  </ResultSummary>
  <TestDefinitions>
    <UnitTest name="ReadAllPVTestWithCond" storage="c:\users\louis\desktop\cs136_hw4\cse136_hw4\daltest\bin\debug\daltest.dll" id="72127b69-612a-5069-7ee5-24e2fea4d757">
      <Execution id="2970e6b5-8b37-4f09-9176-891ed52014c7" />
      <TestMethod codeBase="C:/Users/Louis/Desktop/cs136_hw4/cse136_hw4/DALTest/bin/Debug/DALTest.DLL" adapterTypeName="Microsoft.VisualStudio.TestTools.TestTypes.Unit.UnitTestAdapter, Microsoft.VisualStudio.QualityTools.Tips.UnitTest.Adapter, Version=10.0.0.0, Culture=neutral, PublicKeyToken=b03f5f7f11d50a3a" className="DALTest.DALProductVariationInfoTest, DALTest, Version=1.0.0.0, Culture=neutral, PublicKeyToken=null" name="ReadAllPVTestWithCond" />
    </UnitTest>
  </TestDefinitions>
  <TestLists>
    <TestList name="Results Not in a List" id="8c84fa94-04c1-424b-9868-57a2d4851a1d" />
    <TestList name="All Loaded Results" id="19431567-8539-422a-85d7-44ee4e166bda" />
  </TestLists>
  <TestEntries>
    <TestEntry testId="72127b69-612a-5069-7ee5-24e2fea4d757" executionId="2970e6b5-8b37-4f09-9176-891ed52014c7" testListId="8c84fa94-04c1-424b-9868-57a2d4851a1d" />
  </TestEntries>
  <Results>
    <UnitTestResult executionId="2970e6b5-8b37-4f09-9176-891ed52014c7" testId="72127b69-612a-5069-7ee5-24e2fea4d757" testName="ReadAllPVTestWithCond" computerName="LOUIS-HP" duration="00:00:00.1076845" startTime="2012-09-04T14:04:38.0491521-07:00" endTime="2012-09-04T14:04:38.5941833-07:00" testType="13cdc9d9-ddb5-4fa4-a97d-d965ccfc6d4b" outcome="Failed" testListId="8c84fa94-04c1-424b-9868-57a2d4851a1d" relativeResultsDirectory="2970e6b5-8b37-4f09-9176-891ed52014c7">
      <Output>
        <DebugTrace>THIS IS THE ERROR: System.Data.SqlClient.SqlException (0x80131904): Error while trying to read product_variation.
   at System.Data.SqlClient.SqlConnection.OnError(SqlException exception, Boolean breakConnection)
   at System.Data.SqlClient.SqlInternalConnection.OnError(SqlException exception, Boolean breakConnection)
   at System.Data.SqlClient.TdsParser.ThrowExceptionAndWarning()
   at System.Data.SqlClient.TdsParser.Run(RunBehavior runBehavior, SqlCommand cmdHandler, SqlDataReader dataStream, BulkCopySimpleResultSet bulkCopyHandler, TdsParserStateObject stateObj)
   at System.Data.SqlClient.SqlDataReader.HasMoreResults()
   at System.Data.SqlClient.SqlDataReader.NextResult()
   at System.Data.ProviderBase.DataReaderContainer.NextResult()
   at System.Data.Common.DataAdapter.FillNextResult(DataReaderContainer dataReader)
   at System.Data.Common.DataAdapter.FillFromReader(DataSet dataset, DataTable datatable, String srcTable, DataReaderContainer dataReader, Int32 startRecord, Int32 maxRecords, DataColumn parentChapterColumn, Object parentChapterValue)
   at System.Data.Common.DataAdapter.Fill(DataSet dataSet, String srcTable, IDataReader dataReader, Int32 startRecord, Int32 maxRecords)
   at System.Data.Common.DbDataAdapter.FillInternal(DataSet dataset, DataTable[] datatables, Int32 startRecord, Int32 maxRecords, String srcTable, IDbCommand command, CommandBehavior behavior)
   at System.Data.Common.DbDataAdapter.Fill(DataSet dataSet, Int32 startRecord, Int32 maxRecords, String srcTable, IDbCommand command, CommandBehavior behavior)
   at System.Data.Common.DbDataAdapter.Fill(DataSet dataSet)
   at DAL.DALProductVariationInfo.ReadPVList(Char condition, List`1&amp; errors) in C:\Users\Louis\Desktop\cs136_hw4\cse136_hw4\cse136\DALProductVariation.cs:line 138THIS IS THE ERROR: System.Data.SqlClient.SqlException (0x80131904): Error while trying to read product_variation.
   at System.Data.SqlClient.SqlConnection.OnError(SqlException exception, Boolean breakConnection)
   at System.Data.SqlClient.SqlInternalConnection.OnError(SqlException exception, Boolean breakConnection)
   at System.Data.SqlClient.TdsParser.ThrowExceptionAndWarning()
   at System.Data.SqlClient.TdsParser.Run(RunBehavior runBehavior, SqlCommand cmdHandler, SqlDataReader dataStream, BulkCopySimpleResultSet bulkCopyHandler, TdsParserStateObject stateObj)
   at System.Data.SqlClient.SqlDataReader.HasMoreResults()
   at System.Data.SqlClient.SqlDataReader.NextResult()
   at System.Data.ProviderBase.DataReaderContainer.NextResult()
   at System.Data.Common.DataAdapter.FillNextResult(DataReaderContainer dataReader)
   at System.Data.Common.DataAdapter.FillFromReader(DataSet dataset, DataTable datatable, String srcTable, DataReaderContainer dataReader, Int32 startRecord, Int32 maxRecords, DataColumn parentChapterColumn, Object parentChapterValue)
   at System.Data.Common.DataAdapter.Fill(DataSet dataSet, String srcTable, IDataReader dataReader, Int32 startRecord, Int32 maxRecords)
   at System.Data.Common.DbDataAdapter.FillInternal(DataSet dataset, DataTable[] datatables, Int32 startRecord, Int32 maxRecords, String srcTable, IDbCommand command, CommandBehavior behavior)
   at System.Data.Common.DbDataAdapter.Fill(DataSet dataSet, Int32 startRecord, Int32 maxRecords, String srcTable, IDbCommand command, CommandBehavior behavior)
   at System.Data.Common.DbDataAdapter.Fill(DataSet dataSet)
   at DAL.DALProductVariationInfo.ReadPVList(Char condition, List`1&amp; errors) in C:\Users\Louis\Desktop\cs136_hw4\cse136_hw4\cse136\DALProductVariation.cs:line 138</DebugTrace>
        <ErrorInfo>
          <Message>Assert.AreEqual failed. Expected:&lt;2&gt;. Actual:&lt;0&gt;. </Message>
          <StackTrace>   at DALTest.DALProductVariationInfoTest.ReadAllPVTestWithCond() in C:\Users\Louis\Desktop\cs136_hw4\cse136_hw4\DALTest\DALProductVariationInfoTest.cs:line 200
</StackTrace>
        </ErrorInfo>
      </Output>
    </UnitTestResult>
  </Results>
</TestRun>